[2023-02-19 04:06:33] production.ERROR: SQLSTATE[HY000] [1045] Access denied for user 'root'@'localhost' (using password: NO) (SQL: insert into `telescope_entries` (`batch_id`, `content`, `created_at`, `family_hash`, `type`, `uuid`) values (98809133-d919-4bdf-b71d-7403e36f616c, {"level":"warning","message":"json_decode(): Passing null to parameter #1 ($json) of type string is deprecated in \/var\/www\/juzaweb\/cms\/modules\/Backend\/Helpers\/helpers.php on line 275","context":[],"hostname":"juzaweb"}, 2023-02-19 04:06:33, ?, log, 98809133-6c3c-40a2-b215-0ee4739c8928), (98809133-d919-4bdf-b71d-7403e36f616c, {"level":"warning","message":"json_decode(): Passing null to parameter #1 ($json) of type string is deprecated in \/var\/www\/juzaweb\/cms\/modules\/Backend\/Helpers\/helpers.php on line 275","context":[],"hostname":"juzaweb"}, 2023-02-19 04:06:33, ?, log, 98809133-8af9-47a1-b3bd-0d064df91964), (98809133-d919-4bdf-b71d-7403e36f616c, {"level":"warning","message":"json_decode(): Passing null to parameter #1 ($json) of type string is deprecated in \/var\/www\/juzaweb\/cms\/modules\/Backend\/Helpers\/helpers.php on line 275","context":[],"hostname":"juzaweb"}, 2023-02-19 04:06:33, ?, log, 98809133-8b20-4954-9c6a-b7f966db3fff), (98809133-d919-4bdf-b71d-7403e36f616c, {"command":"juzacms:plugin-autoload","exit_code":0,"arguments":{"command":"juzacms:plugin-autoload"},"options":{"help":false,"quiet":false,"verbose":false,"version":false,"ansi":null,"no-interaction":false,"env":null},"hostname":"juzaweb"}, 2023-02-19 04:06:33, ?, command, 98809133-d80d-4379-8682-4f38cb15d7c3)) {"exception":"[object] (Illuminate\\Database\\QueryException(code: 1045): SQLSTATE[HY000] [1045] Access denied for user 'root'@'localhost' (using password: NO) (SQL: insert into `telescope_entries` (`batch_id`, `content`, `created_at`, `family_hash`, `type`, `uuid`) values (98809133-d919-4bdf-b71d-7403e36f616c, {\"level\":\"warning\",\"message\":\"json_decode(): Passing null to parameter #1 ($json) of type string is deprecated in \\/var\\/www\\/juzaweb\\/cms\\/modules\\/Backend\\/Helpers\\/helpers.php on line 275\",\"context\":[],\"hostname\":\"juzaweb\"}, 2023-02-19 04:06:33, ?, log, 98809133-6c3c-40a2-b215-0ee4739c8928), (98809133-d919-4bdf-b71d-7403e36f616c, {\"level\":\"warning\",\"message\":\"json_decode(): Passing null to parameter #1 ($json) of type string is deprecated in \\/var\\/www\\/juzaweb\\/cms\\/modules\\/Backend\\/Helpers\\/helpers.php on line 275\",\"context\":[],\"hostname\":\"juzaweb\"}, 2023-02-19 04:06:33, ?, log, 98809133-8af9-47a1-b3bd-0d064df91964), (98809133-d919-4bdf-b71d-7403e36f616c, {\"level\":\"warning\",\"message\":\"json_decode(): Passing null to parameter #1 ($json) of type string is deprecated in \\/var\\/www\\/juzaweb\\/cms\\/modules\\/Backend\\/Helpers\\/helpers.php on line 275\",\"context\":[],\"hostname\":\"juzaweb\"}, 2023-02-19 04:06:33, ?, log, 98809133-8b20-4954-9c6a-b7f966db3fff), (98809133-d919-4bdf-b71d-7403e36f616c, {\"command\":\"juzacms:plugin-autoload\",\"exit_code\":0,\"arguments\":{\"command\":\"juzacms:plugin-autoload\"},\"options\":{\"help\":false,\"quiet\":false,\"verbose\":false,\"version\":false,\"ansi\":null,\"no-interaction\":false,\"env\":null},\"hostname\":\"juzaweb\"}, 2023-02-19 04:06:33, ?, command, 98809133-d80d-4379-8682-4f38cb15d7c3)) at /var/www/juzaweb/cms/vendor/laravel/framework/src/Illuminate/Database/Connection.php:742)
[stacktrace]
#0 /var/www/juzaweb/cms/vendor/laravel/framework/src/Illuminate/Database/Connection.php(702): Illuminate\\Database\\Connection->runQueryCallback()
#1 /var/www/juzaweb/cms/vendor/laravel/framework/src/Illuminate/Database/Connection.php(528): Illuminate\\Database\\Connection->run()
#2 /var/www/juzaweb/cms/vendor/laravel/framework/src/Illuminate/Database/Connection.php(480): Illuminate\\Database\\Connection->statement()
#3 /var/www/juzaweb/cms/vendor/laravel/framework/src/Illuminate/Database/Query/Builder.php(3196): Illuminate\\Database\\Connection->insert()
#4 /var/www/juzaweb/cms/vendor/laravel/telescope/src/Storage/DatabaseEntriesRepository.php(148): Illuminate\\Database\\Query\\Builder->insert()
#5 /var/www/juzaweb/cms/vendor/laravel/framework/src/Illuminate/Collections/Traits/EnumeratesValues.php(263): Laravel\\Telescope\\Storage\\DatabaseEntriesRepository->Laravel\\Telescope\\Storage\\{closure}()
#6 /var/www/juzaweb/cms/vendor/laravel/telescope/src/Storage/DatabaseEntriesRepository.php(149): Illuminate\\Support\\Collection->each()
#7 /var/www/juzaweb/cms/vendor/laravel/telescope/src/Telescope.php(663): Laravel\\Telescope\\Storage\\DatabaseEntriesRepository->store()
#8 [internal function]: Laravel\\Telescope\\Telescope::Laravel\\Telescope\\{closure}()
#9 /var/www/juzaweb/cms/vendor/laravel/telescope/src/Telescope.php(284): call_user_func()
#10 /var/www/juzaweb/cms/vendor/laravel/telescope/src/Telescope.php(674): Laravel\\Telescope\\Telescope::withoutRecording()
#11 /var/www/juzaweb/cms/vendor/laravel/telescope/src/ListensForStorageOpportunities.php(65): Laravel\\Telescope\\Telescope::store()
#12 /var/www/juzaweb/cms/vendor/laravel/framework/src/Illuminate/Container/BoundMethod.php(36): Laravel\\Telescope\\Telescope::Laravel\\Telescope\\{closure}()
#13 /var/www/juzaweb/cms/vendor/laravel/framework/src/Illuminate/Container/Util.php(41): Illuminate\\Container\\BoundMethod::Illuminate\\Container\\{closure}()
#14 /var/www/juzaweb/cms/vendor/laravel/framework/src/Illuminate/Container/BoundMethod.php(81): Illuminate\\Container\\Util::unwrapIfClosure()
#15 /var/www/juzaweb/cms/vendor/laravel/framework/src/Illuminate/Container/BoundMethod.php(37): Illuminate\\Container\\BoundMethod::callBoundMethod()
#16 /var/www/juzaweb/cms/vendor/laravel/framework/src/Illuminate/Container/Container.php(651): Illuminate\\Container\\BoundMethod::call()
#17 /var/www/juzaweb/cms/vendor/laravel/framework/src/Illuminate/Foundation/Application.php(1172): Illuminate\\Container\\Container->call()
#18 /var/www/juzaweb/cms/vendor/laravel/framework/src/Illuminate/Foundation/Console/Kernel.php(148): Illuminate\\Foundation\\Application->terminate()
#19 /var/www/juzaweb/cms/artisan(51): Illuminate\\Foundation\\Console\\Kernel->terminate()
#20 {main}

[previous exception] [object] (PDOException(code: 1045): SQLSTATE[HY000] [1045] Access denied for user 'root'@'localhost' (using password: NO) at /var/www/juzaweb/cms/vendor/laravel/framework/src/Illuminate/Database/Connectors/Connector.php:70)
[stacktrace]
#0 /var/www/juzaweb/cms/vendor/laravel/framework/src/Illuminate/Database/Connectors/Connector.php(70): PDO->__construct()
#1 /var/www/juzaweb/cms/vendor/laravel/framework/src/Illuminate/Database/Connectors/Connector.php(46): Illuminate\\Database\\Connectors\\Connector->createPdoConnection()
#2 /var/www/juzaweb/cms/vendor/laravel/framework/src/Illuminate/Database/Connectors/MySqlConnector.php(24): Illuminate\\Database\\Connectors\\Connector->createConnection()
#3 /var/www/juzaweb/cms/vendor/laravel/framework/src/Illuminate/Database/Connectors/ConnectionFactory.php(184): Illuminate\\Database\\Connectors\\MySqlConnector->connect()
#4 [internal function]: Illuminate\\Database\\Connectors\\ConnectionFactory->Illuminate\\Database\\Connectors\\{closure}()
#5 /var/www/juzaweb/cms/vendor/laravel/framework/src/Illuminate/Database/Connection.php(1084): call_user_func()
#6 /var/www/juzaweb/cms/vendor/laravel/framework/src/Illuminate/Database/Connection.php(521): Illuminate\\Database\\Connection->getPdo()
#7 /var/www/juzaweb/cms/vendor/laravel/framework/src/Illuminate/Database/Connection.php(735): Illuminate\\Database\\Connection->Illuminate\\Database\\{closure}()
#8 /var/www/juzaweb/cms/vendor/laravel/framework/src/Illuminate/Database/Connection.php(702): Illuminate\\Database\\Connection->runQueryCallback()
#9 /var/www/juzaweb/cms/vendor/laravel/framework/src/Illuminate/Database/Connection.php(528): Illuminate\\Database\\Connection->run()
#10 /var/www/juzaweb/cms/vendor/laravel/framework/src/Illuminate/Database/Connection.php(480): Illuminate\\Database\\Connection->statement()
#11 /var/www/juzaweb/cms/vendor/laravel/framework/src/Illuminate/Database/Query/Builder.php(3196): Illuminate\\Database\\Connection->insert()
#12 /var/www/juzaweb/cms/vendor/laravel/telescope/src/Storage/DatabaseEntriesRepository.php(148): Illuminate\\Database\\Query\\Builder->insert()
#13 /var/www/juzaweb/cms/vendor/laravel/framework/src/Illuminate/Collections/Traits/EnumeratesValues.php(263): Laravel\\Telescope\\Storage\\DatabaseEntriesRepository->Laravel\\Telescope\\Storage\\{closure}()
#14 /var/www/juzaweb/cms/vendor/laravel/telescope/src/Storage/DatabaseEntriesRepository.php(149): Illuminate\\Support\\Collection->each()
#15 /var/www/juzaweb/cms/vendor/laravel/telescope/src/Telescope.php(663): Laravel\\Telescope\\Storage\\DatabaseEntriesRepository->store()
#16 [internal function]: Laravel\\Telescope\\Telescope::Laravel\\Telescope\\{closure}()
#17 /var/www/juzaweb/cms/vendor/laravel/telescope/src/Telescope.php(284): call_user_func()
#18 /var/www/juzaweb/cms/vendor/laravel/telescope/src/Telescope.php(674): Laravel\\Telescope\\Telescope::withoutRecording()
#19 /var/www/juzaweb/cms/vendor/laravel/telescope/src/ListensForStorageOpportunities.php(65): Laravel\\Telescope\\Telescope::store()
#20 /var/www/juzaweb/cms/vendor/laravel/framework/src/Illuminate/Container/BoundMethod.php(36): Laravel\\Telescope\\Telescope::Laravel\\Telescope\\{closure}()
#21 /var/www/juzaweb/cms/vendor/laravel/framework/src/Illuminate/Container/Util.php(41): Illuminate\\Container\\BoundMethod::Illuminate\\Container\\{closure}()
#22 /var/www/juzaweb/cms/vendor/laravel/framework/src/Illuminate/Container/BoundMethod.php(81): Illuminate\\Container\\Util::unwrapIfClosure()
#23 /var/www/juzaweb/cms/vendor/laravel/framework/src/Illuminate/Container/BoundMethod.php(37): Illuminate\\Container\\BoundMethod::callBoundMethod()
#24 /var/www/juzaweb/cms/vendor/laravel/framework/src/Illuminate/Container/Container.php(651): Illuminate\\Container\\BoundMethod::call()
#25 /var/www/juzaweb/cms/vendor/laravel/framework/src/Illuminate/Foundation/Application.php(1172): Illuminate\\Container\\Container->call()
#26 /var/www/juzaweb/cms/vendor/laravel/framework/src/Illuminate/Foundation/Console/Kernel.php(148): Illuminate\\Foundation\\Application->terminate()
#27 /var/www/juzaweb/cms/artisan(51): Illuminate\\Foundation\\Console\\Kernel->terminate()
#28 {main}
"} {"user":"guest","ip":"127.0.0.1","url":"http://localhost"}
[2023-02-19 04:06:39] production.ERROR: SQLSTATE[HY000] [1045] Access denied for user 'root'@'localhost' (using password: NO) (SQL: insert into `telescope_entries` (`batch_id`, `content`, `created_at`, `family_hash`, `type`, `uuid`) values (9880913d-3052-48c7-b29f-115134764738, {"level":"warning","message":"json_decode(): Passing null to parameter #1 ($json) of type string is deprecated in \/var\/www\/juzaweb\/cms\/modules\/Backend\/Helpers\/helpers.php on line 275","context":[],"hostname":"juzaweb"}, 2023-02-19 04:06:39, ?, log, 9880913c-8e80-4ab1-b925-e2d084acb070), (9880913d-3052-48c7-b29f-115134764738, {"level":"warning","message":"json_decode(): Passing null to parameter #1 ($json) of type string is deprecated in \/var\/www\/juzaweb\/cms\/modules\/Backend\/Helpers\/helpers.php on line 275","context":[],"hostname":"juzaweb"}, 2023-02-19 04:06:39, ?, log, 9880913c-ac51-4c72-82e0-f9b7e640ed88), (9880913d-3052-48c7-b29f-115134764738, {"level":"warning","message":"json_decode(): Passing null to parameter #1 ($json) of type string is deprecated in \/var\/www\/juzaweb\/cms\/modules\/Backend\/Helpers\/helpers.php on line 275","context":[],"hostname":"juzaweb"}, 2023-02-19 04:06:39, ?, log, 9880913c-ac79-4e0f-b9c3-53e7f46125c7), (9880913d-3052-48c7-b29f-115134764738, {"command":"juzacms:plugin-autoload","exit_code":0,"arguments":{"command":"juzacms:plugin-autoload"},"options":{"help":false,"quiet":false,"verbose":false,"version":false,"ansi":null,"no-interaction":false,"env":null},"hostname":"juzaweb"}, 2023-02-19 04:06:39, ?, command, 9880913d-2e3b-4a2f-a309-01bf10359f1e)) {"exception":"[object] (Illuminate\\Database\\QueryException(code: 1045): SQLSTATE[HY000] [1045] Access denied for user 'root'@'localhost' (using password: NO) (SQL: insert into `telescope_entries` (`batch_id`, `content`, `created_at`, `family_hash`, `type`, `uuid`) values (9880913d-3052-48c7-b29f-115134764738, {\"level\":\"warning\",\"message\":\"json_decode(): Passing null to parameter #1 ($json) of type string is deprecated in \\/var\\/www\\/juzaweb\\/cms\\/modules\\/Backend\\/Helpers\\/helpers.php on line 275\",\"context\":[],\"hostname\":\"juzaweb\"}, 2023-02-19 04:06:39, ?, log, 9880913c-8e80-4ab1-b925-e2d084acb070), (9880913d-3052-48c7-b29f-115134764738, {\"level\":\"warning\",\"message\":\"json_decode(): Passing null to parameter #1 ($json) of type string is deprecated in \\/var\\/www\\/juzaweb\\/cms\\/modules\\/Backend\\/Helpers\\/helpers.php on line 275\",\"context\":[],\"hostname\":\"juzaweb\"}, 2023-02-19 04:06:39, ?, log, 9880913c-ac51-4c72-82e0-f9b7e640ed88), (9880913d-3052-48c7-b29f-115134764738, {\"level\":\"warning\",\"message\":\"json_decode(): Passing null to parameter #1 ($json) of type string is deprecated in \\/var\\/www\\/juzaweb\\/cms\\/modules\\/Backend\\/Helpers\\/helpers.php on line 275\",\"context\":[],\"hostname\":\"juzaweb\"}, 2023-02-19 04:06:39, ?, log, 9880913c-ac79-4e0f-b9c3-53e7f46125c7), (9880913d-3052-48c7-b29f-115134764738, {\"command\":\"juzacms:plugin-autoload\",\"exit_code\":0,\"arguments\":{\"command\":\"juzacms:plugin-autoload\"},\"options\":{\"help\":false,\"quiet\":false,\"verbose\":false,\"version\":false,\"ansi\":null,\"no-interaction\":false,\"env\":null},\"hostname\":\"juzaweb\"}, 2023-02-19 04:06:39, ?, command, 9880913d-2e3b-4a2f-a309-01bf10359f1e)) at /var/www/juzaweb/cms/vendor/laravel/framework/src/Illuminate/Database/Connection.php:742)
[stacktrace]
#0 /var/www/juzaweb/cms/vendor/laravel/framework/src/Illuminate/Database/Connection.php(702): Illuminate\\Database\\Connection->runQueryCallback()
#1 /var/www/juzaweb/cms/vendor/laravel/framework/src/Illuminate/Database/Connection.php(528): Illuminate\\Database\\Connection->run()
#2 /var/www/juzaweb/cms/vendor/laravel/framework/src/Illuminate/Database/Connection.php(480): Illuminate\\Database\\Connection->statement()
#3 /var/www/juzaweb/cms/vendor/laravel/framework/src/Illuminate/Database/Query/Builder.php(3196): Illuminate\\Database\\Connection->insert()
#4 /var/www/juzaweb/cms/vendor/laravel/telescope/src/Storage/DatabaseEntriesRepository.php(148): Illuminate\\Database\\Query\\Builder->insert()
#5 /var/www/juzaweb/cms/vendor/laravel/framework/src/Illuminate/Collections/Traits/EnumeratesValues.php(263): Laravel\\Telescope\\Storage\\DatabaseEntriesRepository->Laravel\\Telescope\\Storage\\{closure}()
#6 /var/www/juzaweb/cms/vendor/laravel/telescope/src/Storage/DatabaseEntriesRepository.php(149): Illuminate\\Support\\Collection->each()
#7 /var/www/juzaweb/cms/vendor/laravel/telescope/src/Telescope.php(663): Laravel\\Telescope\\Storage\\DatabaseEntriesRepository->store()
#8 [internal function]: Laravel\\Telescope\\Telescope::Laravel\\Telescope\\{closure}()
#9 /var/www/juzaweb/cms/vendor/laravel/telescope/src/Telescope.php(284): call_user_func()
#10 /var/www/juzaweb/cms/vendor/laravel/telescope/src/Telescope.php(674): Laravel\\Telescope\\Telescope::withoutRecording()
#11 /var/www/juzaweb/cms/vendor/laravel/telescope/src/ListensForStorageOpportunities.php(65): Laravel\\Telescope\\Telescope::store()
#12 /var/www/juzaweb/cms/vendor/laravel/framework/src/Illuminate/Container/BoundMethod.php(36): Laravel\\Telescope\\Telescope::Laravel\\Telescope\\{closure}()
#13 /var/www/juzaweb/cms/vendor/laravel/framework/src/Illuminate/Container/Util.php(41): Illuminate\\Container\\BoundMethod::Illuminate\\Container\\{closure}()
#14 /var/www/juzaweb/cms/vendor/laravel/framework/src/Illuminate/Container/BoundMethod.php(81): Illuminate\\Container\\Util::unwrapIfClosure()
#15 /var/www/juzaweb/cms/vendor/laravel/framework/src/Illuminate/Container/BoundMethod.php(37): Illuminate\\Container\\BoundMethod::callBoundMethod()
#16 /var/www/juzaweb/cms/vendor/laravel/framework/src/Illuminate/Container/Container.php(651): Illuminate\\Container\\BoundMethod::call()
#17 /var/www/juzaweb/cms/vendor/laravel/framework/src/Illuminate/Foundation/Application.php(1172): Illuminate\\Container\\Container->call()
#18 /var/www/juzaweb/cms/vendor/laravel/framework/src/Illuminate/Foundation/Console/Kernel.php(148): Illuminate\\Foundation\\Application->terminate()
#19 /var/www/juzaweb/cms/artisan(51): Illuminate\\Foundation\\Console\\Kernel->terminate()
#20 {main}

[previous exception] [object] (PDOException(code: 1045): SQLSTATE[HY000] [1045] Access denied for user 'root'@'localhost' (using password: NO) at /var/www/juzaweb/cms/vendor/laravel/framework/src/Illuminate/Database/Connectors/Connector.php:70)
[stacktrace]
#0 /var/www/juzaweb/cms/vendor/laravel/framework/src/Illuminate/Database/Connectors/Connector.php(70): PDO->__construct()
#1 /var/www/juzaweb/cms/vendor/laravel/framework/src/Illuminate/Database/Connectors/Connector.php(46): Illuminate\\Database\\Connectors\\Connector->createPdoConnection()
#2 /var/www/juzaweb/cms/vendor/laravel/framework/src/Illuminate/Database/Connectors/MySqlConnector.php(24): Illuminate\\Database\\Connectors\\Connector->createConnection()
#3 /var/www/juzaweb/cms/vendor/laravel/framework/src/Illuminate/Database/Connectors/ConnectionFactory.php(184): Illuminate\\Database\\Connectors\\MySqlConnector->connect()
#4 [internal function]: Illuminate\\Database\\Connectors\\ConnectionFactory->Illuminate\\Database\\Connectors\\{closure}()
#5 /var/www/juzaweb/cms/vendor/laravel/framework/src/Illuminate/Database/Connection.php(1084): call_user_func()
#6 /var/www/juzaweb/cms/vendor/laravel/framework/src/Illuminate/Database/Connection.php(521): Illuminate\\Database\\Connection->getPdo()
#7 /var/www/juzaweb/cms/vendor/laravel/framework/src/Illuminate/Database/Connection.php(735): Illuminate\\Database\\Connection->Illuminate\\Database\\{closure}()
#8 /var/www/juzaweb/cms/vendor/laravel/framework/src/Illuminate/Database/Connection.php(702): Illuminate\\Database\\Connection->runQueryCallback()
#9 /var/www/juzaweb/cms/vendor/laravel/framework/src/Illuminate/Database/Connection.php(528): Illuminate\\Database\\Connection->run()
#10 /var/www/juzaweb/cms/vendor/laravel/framework/src/Illuminate/Database/Connection.php(480): Illuminate\\Database\\Connection->statement()
#11 /var/www/juzaweb/cms/vendor/laravel/framework/src/Illuminate/Database/Query/Builder.php(3196): Illuminate\\Database\\Connection->insert()
#12 /var/www/juzaweb/cms/vendor/laravel/telescope/src/Storage/DatabaseEntriesRepository.php(148): Illuminate\\Database\\Query\\Builder->insert()
#13 /var/www/juzaweb/cms/vendor/laravel/framework/src/Illuminate/Collections/Traits/EnumeratesValues.php(263): Laravel\\Telescope\\Storage\\DatabaseEntriesRepository->Laravel\\Telescope\\Storage\\{closure}()
#14 /var/www/juzaweb/cms/vendor/laravel/telescope/src/Storage/DatabaseEntriesRepository.php(149): Illuminate\\Support\\Collection->each()
#15 /var/www/juzaweb/cms/vendor/laravel/telescope/src/Telescope.php(663): Laravel\\Telescope\\Storage\\DatabaseEntriesRepository->store()
#16 [internal function]: Laravel\\Telescope\\Telescope::Laravel\\Telescope\\{closure}()
#17 /var/www/juzaweb/cms/vendor/laravel/telescope/src/Telescope.php(284): call_user_func()
#18 /var/www/juzaweb/cms/vendor/laravel/telescope/src/Telescope.php(674): Laravel\\Telescope\\Telescope::withoutRecording()
#19 /var/www/juzaweb/cms/vendor/laravel/telescope/src/ListensForStorageOpportunities.php(65): Laravel\\Telescope\\Telescope::store()
#20 /var/www/juzaweb/cms/vendor/laravel/framework/src/Illuminate/Container/BoundMethod.php(36): Laravel\\Telescope\\Telescope::Laravel\\Telescope\\{closure}()
#21 /var/www/juzaweb/cms/vendor/laravel/framework/src/Illuminate/Container/Util.php(41): Illuminate\\Container\\BoundMethod::Illuminate\\Container\\{closure}()
#22 /var/www/juzaweb/cms/vendor/laravel/framework/src/Illuminate/Container/BoundMethod.php(81): Illuminate\\Container\\Util::unwrapIfClosure()
#23 /var/www/juzaweb/cms/vendor/laravel/framework/src/Illuminate/Container/BoundMethod.php(37): Illuminate\\Container\\BoundMethod::callBoundMethod()
#24 /var/www/juzaweb/cms/vendor/laravel/framework/src/Illuminate/Container/Container.php(651): Illuminate\\Container\\BoundMethod::call()
#25 /var/www/juzaweb/cms/vendor/laravel/framework/src/Illuminate/Foundation/Application.php(1172): Illuminate\\Container\\Container->call()
#26 /var/www/juzaweb/cms/vendor/laravel/framework/src/Illuminate/Foundation/Console/Kernel.php(148): Illuminate\\Foundation\\Application->terminate()
#27 /var/www/juzaweb/cms/artisan(51): Illuminate\\Foundation\\Console\\Kernel->terminate()
#28 {main}
"} {"user":"guest","ip":"127.0.0.1","url":"http://localhost"}
