[2022-10-09 11:23:41] production.ERROR: SQLSTATE[HY000] [1045] Access denied for user 'root'@'localhost' (using password: NO) (SQL: insert into `telescope_entries` (`batch_id`, `content`, `created_at`, `family_hash`, `type`, `uuid`) values (9775a0a4-c511-4b72-9878-9d98dc0f0345, {"level":"warning","message":"json_decode(): Passing null to parameter #1 ($json) of type string is deprecated in \/var\/www\/juzaweb\/cms\/modules\/Backend\/Helpers\/helpers.php on line 269","context":[],"hostname":"juzaweb"}, 2022-10-09 11:23:40, ?, log, 9775a0a4-091e-476e-9dbe-fe17c9c2a681), (9775a0a4-c511-4b72-9878-9d98dc0f0345, {"level":"warning","message":"json_decode(): Passing null to parameter #1 ($json) of type string is deprecated in \/var\/www\/juzaweb\/cms\/modules\/Backend\/Helpers\/helpers.php on line 269","context":[],"hostname":"juzaweb"}, 2022-10-09 11:23:40, ?, log, 9775a0a4-3a97-44b4-83fb-d301c3395eba), (9775a0a4-c511-4b72-9878-9d98dc0f0345, {"level":"warning","message":"json_decode(): Passing null to parameter #1 ($json) of type string is deprecated in \/var\/www\/juzaweb\/cms\/modules\/Backend\/Helpers\/helpers.php on line 269","context":[],"hostname":"juzaweb"}, 2022-10-09 11:23:40, ?, log, 9775a0a4-3bd2-4c72-8184-76d20e91db88), (9775a0a4-c511-4b72-9878-9d98dc0f0345, {"command":"juzacms:plugin-autoload","exit_code":0,"arguments":{"command":"juzacms:plugin-autoload"},"options":{"help":false,"quiet":false,"verbose":false,"version":false,"ansi":null,"no-interaction":false,"env":null},"hostname":"juzaweb"}, 2022-10-09 11:23:41, ?, command, 9775a0a4-c330-4932-98c0-7243d3098f8e)) {"exception":"[object] (Illuminate\\Database\\QueryException(code: 1045): SQLSTATE[HY000] [1045] Access denied for user 'root'@'localhost' (using password: NO) (SQL: insert into `telescope_entries` (`batch_id`, `content`, `created_at`, `family_hash`, `type`, `uuid`) values (9775a0a4-c511-4b72-9878-9d98dc0f0345, {\"level\":\"warning\",\"message\":\"json_decode(): Passing null to parameter #1 ($json) of type string is deprecated in \\/var\\/www\\/juzaweb\\/cms\\/modules\\/Backend\\/Helpers\\/helpers.php on line 269\",\"context\":[],\"hostname\":\"juzaweb\"}, 2022-10-09 11:23:40, ?, log, 9775a0a4-091e-476e-9dbe-fe17c9c2a681), (9775a0a4-c511-4b72-9878-9d98dc0f0345, {\"level\":\"warning\",\"message\":\"json_decode(): Passing null to parameter #1 ($json) of type string is deprecated in \\/var\\/www\\/juzaweb\\/cms\\/modules\\/Backend\\/Helpers\\/helpers.php on line 269\",\"context\":[],\"hostname\":\"juzaweb\"}, 2022-10-09 11:23:40, ?, log, 9775a0a4-3a97-44b4-83fb-d301c3395eba), (9775a0a4-c511-4b72-9878-9d98dc0f0345, {\"level\":\"warning\",\"message\":\"json_decode(): Passing null to parameter #1 ($json) of type string is deprecated in \\/var\\/www\\/juzaweb\\/cms\\/modules\\/Backend\\/Helpers\\/helpers.php on line 269\",\"context\":[],\"hostname\":\"juzaweb\"}, 2022-10-09 11:23:40, ?, log, 9775a0a4-3bd2-4c72-8184-76d20e91db88), (9775a0a4-c511-4b72-9878-9d98dc0f0345, {\"command\":\"juzacms:plugin-autoload\",\"exit_code\":0,\"arguments\":{\"command\":\"juzacms:plugin-autoload\"},\"options\":{\"help\":false,\"quiet\":false,\"verbose\":false,\"version\":false,\"ansi\":null,\"no-interaction\":false,\"env\":null},\"hostname\":\"juzaweb\"}, 2022-10-09 11:23:41, ?, command, 9775a0a4-c330-4932-98c0-7243d3098f8e)) at /var/www/juzaweb/cms/vendor/laravel/framework/src/Illuminate/Database/Connection.php:742)
[stacktrace]
#0 /var/www/juzaweb/cms/vendor/laravel/framework/src/Illuminate/Database/Connection.php(702): Illuminate\\Database\\Connection->runQueryCallback()
#1 /var/www/juzaweb/cms/vendor/laravel/framework/src/Illuminate/Database/Connection.php(528): Illuminate\\Database\\Connection->run()
#2 /var/www/juzaweb/cms/vendor/laravel/framework/src/Illuminate/Database/Connection.php(480): Illuminate\\Database\\Connection->statement()
#3 /var/www/juzaweb/cms/vendor/laravel/framework/src/Illuminate/Database/Query/Builder.php(3196): Illuminate\\Database\\Connection->insert()
#4 /var/www/juzaweb/cms/vendor/laravel/telescope/src/Storage/DatabaseEntriesRepository.php(148): Illuminate\\Database\\Query\\Builder->insert()
#5 /var/www/juzaweb/cms/vendor/laravel/framework/src/Illuminate/Collections/Traits/EnumeratesValues.php(263): Laravel\\Telescope\\Storage\\DatabaseEntriesRepository->Laravel\\Telescope\\Storage\\{closure}()
#6 /var/www/juzaweb/cms/vendor/laravel/telescope/src/Storage/DatabaseEntriesRepository.php(149): Illuminate\\Support\\Collection->each()
#7 /var/www/juzaweb/cms/vendor/laravel/telescope/src/Telescope.php(663): Laravel\\Telescope\\Storage\\DatabaseEntriesRepository->store()
#8 [internal function]: Laravel\\Telescope\\Telescope::Laravel\\Telescope\\{closure}()
#9 /var/www/juzaweb/cms/vendor/laravel/telescope/src/Telescope.php(284): call_user_func()
#10 /var/www/juzaweb/cms/vendor/laravel/telescope/src/Telescope.php(674): Laravel\\Telescope\\Telescope::withoutRecording()
#11 /var/www/juzaweb/cms/vendor/laravel/telescope/src/ListensForStorageOpportunities.php(65): Laravel\\Telescope\\Telescope::store()
#12 /var/www/juzaweb/cms/vendor/laravel/framework/src/Illuminate/Container/BoundMethod.php(36): Laravel\\Telescope\\Telescope::Laravel\\Telescope\\{closure}()
#13 /var/www/juzaweb/cms/vendor/laravel/framework/src/Illuminate/Container/Util.php(41): Illuminate\\Container\\BoundMethod::Illuminate\\Container\\{closure}()
#14 /var/www/juzaweb/cms/vendor/laravel/framework/src/Illuminate/Container/BoundMethod.php(81): Illuminate\\Container\\Util::unwrapIfClosure()
#15 /var/www/juzaweb/cms/vendor/laravel/framework/src/Illuminate/Container/BoundMethod.php(37): Illuminate\\Container\\BoundMethod::callBoundMethod()
#16 /var/www/juzaweb/cms/vendor/laravel/framework/src/Illuminate/Container/Container.php(651): Illuminate\\Container\\BoundMethod::call()
#17 /var/www/juzaweb/cms/vendor/laravel/framework/src/Illuminate/Foundation/Application.php(1172): Illuminate\\Container\\Container->call()
#18 /var/www/juzaweb/cms/vendor/laravel/framework/src/Illuminate/Foundation/Console/Kernel.php(148): Illuminate\\Foundation\\Application->terminate()
#19 /var/www/juzaweb/cms/artisan(51): Illuminate\\Foundation\\Console\\Kernel->terminate()
#20 {main}

[previous exception] [object] (PDOException(code: 1045): SQLSTATE[HY000] [1045] Access denied for user 'root'@'localhost' (using password: NO) at /var/www/juzaweb/cms/vendor/laravel/framework/src/Illuminate/Database/Connectors/Connector.php:70)
[stacktrace]
#0 /var/www/juzaweb/cms/vendor/laravel/framework/src/Illuminate/Database/Connectors/Connector.php(70): PDO->__construct()
#1 /var/www/juzaweb/cms/vendor/laravel/framework/src/Illuminate/Database/Connectors/Connector.php(46): Illuminate\\Database\\Connectors\\Connector->createPdoConnection()
#2 /var/www/juzaweb/cms/vendor/laravel/framework/src/Illuminate/Database/Connectors/MySqlConnector.php(24): Illuminate\\Database\\Connectors\\Connector->createConnection()
#3 /var/www/juzaweb/cms/vendor/laravel/framework/src/Illuminate/Database/Connectors/ConnectionFactory.php(184): Illuminate\\Database\\Connectors\\MySqlConnector->connect()
#4 [internal function]: Illuminate\\Database\\Connectors\\ConnectionFactory->Illuminate\\Database\\Connectors\\{closure}()
#5 /var/www/juzaweb/cms/vendor/laravel/framework/src/Illuminate/Database/Connection.php(1084): call_user_func()
#6 /var/www/juzaweb/cms/vendor/laravel/framework/src/Illuminate/Database/Connection.php(521): Illuminate\\Database\\Connection->getPdo()
#7 /var/www/juzaweb/cms/vendor/laravel/framework/src/Illuminate/Database/Connection.php(735): Illuminate\\Database\\Connection->Illuminate\\Database\\{closure}()
#8 /var/www/juzaweb/cms/vendor/laravel/framework/src/Illuminate/Database/Connection.php(702): Illuminate\\Database\\Connection->runQueryCallback()
#9 /var/www/juzaweb/cms/vendor/laravel/framework/src/Illuminate/Database/Connection.php(528): Illuminate\\Database\\Connection->run()
#10 /var/www/juzaweb/cms/vendor/laravel/framework/src/Illuminate/Database/Connection.php(480): Illuminate\\Database\\Connection->statement()
#11 /var/www/juzaweb/cms/vendor/laravel/framework/src/Illuminate/Database/Query/Builder.php(3196): Illuminate\\Database\\Connection->insert()
#12 /var/www/juzaweb/cms/vendor/laravel/telescope/src/Storage/DatabaseEntriesRepository.php(148): Illuminate\\Database\\Query\\Builder->insert()
#13 /var/www/juzaweb/cms/vendor/laravel/framework/src/Illuminate/Collections/Traits/EnumeratesValues.php(263): Laravel\\Telescope\\Storage\\DatabaseEntriesRepository->Laravel\\Telescope\\Storage\\{closure}()
#14 /var/www/juzaweb/cms/vendor/laravel/telescope/src/Storage/DatabaseEntriesRepository.php(149): Illuminate\\Support\\Collection->each()
#15 /var/www/juzaweb/cms/vendor/laravel/telescope/src/Telescope.php(663): Laravel\\Telescope\\Storage\\DatabaseEntriesRepository->store()
#16 [internal function]: Laravel\\Telescope\\Telescope::Laravel\\Telescope\\{closure}()
#17 /var/www/juzaweb/cms/vendor/laravel/telescope/src/Telescope.php(284): call_user_func()
#18 /var/www/juzaweb/cms/vendor/laravel/telescope/src/Telescope.php(674): Laravel\\Telescope\\Telescope::withoutRecording()
#19 /var/www/juzaweb/cms/vendor/laravel/telescope/src/ListensForStorageOpportunities.php(65): Laravel\\Telescope\\Telescope::store()
#20 /var/www/juzaweb/cms/vendor/laravel/framework/src/Illuminate/Container/BoundMethod.php(36): Laravel\\Telescope\\Telescope::Laravel\\Telescope\\{closure}()
#21 /var/www/juzaweb/cms/vendor/laravel/framework/src/Illuminate/Container/Util.php(41): Illuminate\\Container\\BoundMethod::Illuminate\\Container\\{closure}()
#22 /var/www/juzaweb/cms/vendor/laravel/framework/src/Illuminate/Container/BoundMethod.php(81): Illuminate\\Container\\Util::unwrapIfClosure()
#23 /var/www/juzaweb/cms/vendor/laravel/framework/src/Illuminate/Container/BoundMethod.php(37): Illuminate\\Container\\BoundMethod::callBoundMethod()
#24 /var/www/juzaweb/cms/vendor/laravel/framework/src/Illuminate/Container/Container.php(651): Illuminate\\Container\\BoundMethod::call()
#25 /var/www/juzaweb/cms/vendor/laravel/framework/src/Illuminate/Foundation/Application.php(1172): Illuminate\\Container\\Container->call()
#26 /var/www/juzaweb/cms/vendor/laravel/framework/src/Illuminate/Foundation/Console/Kernel.php(148): Illuminate\\Foundation\\Application->terminate()
#27 /var/www/juzaweb/cms/artisan(51): Illuminate\\Foundation\\Console\\Kernel->terminate()
#28 {main}
"} {"user":"guest","ip":"127.0.0.1","url":"http://localhost"}
[2022-10-09 11:23:47] production.ERROR: SQLSTATE[HY000] [1045] Access denied for user 'root'@'localhost' (using password: NO) (SQL: insert into `telescope_entries` (`batch_id`, `content`, `created_at`, `family_hash`, `type`, `uuid`) values (9775a0ae-83b0-4b8a-bee5-4f259838415b, {"level":"warning","message":"json_decode(): Passing null to parameter #1 ($json) of type string is deprecated in \/var\/www\/juzaweb\/cms\/modules\/Backend\/Helpers\/helpers.php on line 269","context":[],"hostname":"juzaweb"}, 2022-10-09 11:23:47, ?, log, 9775a0ae-1868-4290-87ad-1275af34284c), (9775a0ae-83b0-4b8a-bee5-4f259838415b, {"level":"warning","message":"json_decode(): Passing null to parameter #1 ($json) of type string is deprecated in \/var\/www\/juzaweb\/cms\/modules\/Backend\/Helpers\/helpers.php on line 269","context":[],"hostname":"juzaweb"}, 2022-10-09 11:23:47, ?, log, 9775a0ae-3790-452a-a858-9a48c47cd141), (9775a0ae-83b0-4b8a-bee5-4f259838415b, {"level":"warning","message":"json_decode(): Passing null to parameter #1 ($json) of type string is deprecated in \/var\/www\/juzaweb\/cms\/modules\/Backend\/Helpers\/helpers.php on line 269","context":[],"hostname":"juzaweb"}, 2022-10-09 11:23:47, ?, log, 9775a0ae-3801-42c2-b114-48916e396997), (9775a0ae-83b0-4b8a-bee5-4f259838415b, {"command":"juzacms:plugin-autoload","exit_code":0,"arguments":{"command":"juzacms:plugin-autoload"},"options":{"help":false,"quiet":false,"verbose":false,"version":false,"ansi":null,"no-interaction":false,"env":null},"hostname":"juzaweb"}, 2022-10-09 11:23:47, ?, command, 9775a0ae-8249-4a08-971a-c3e81f47af6f)) {"exception":"[object] (Illuminate\\Database\\QueryException(code: 1045): SQLSTATE[HY000] [1045] Access denied for user 'root'@'localhost' (using password: NO) (SQL: insert into `telescope_entries` (`batch_id`, `content`, `created_at`, `family_hash`, `type`, `uuid`) values (9775a0ae-83b0-4b8a-bee5-4f259838415b, {\"level\":\"warning\",\"message\":\"json_decode(): Passing null to parameter #1 ($json) of type string is deprecated in \\/var\\/www\\/juzaweb\\/cms\\/modules\\/Backend\\/Helpers\\/helpers.php on line 269\",\"context\":[],\"hostname\":\"juzaweb\"}, 2022-10-09 11:23:47, ?, log, 9775a0ae-1868-4290-87ad-1275af34284c), (9775a0ae-83b0-4b8a-bee5-4f259838415b, {\"level\":\"warning\",\"message\":\"json_decode(): Passing null to parameter #1 ($json) of type string is deprecated in \\/var\\/www\\/juzaweb\\/cms\\/modules\\/Backend\\/Helpers\\/helpers.php on line 269\",\"context\":[],\"hostname\":\"juzaweb\"}, 2022-10-09 11:23:47, ?, log, 9775a0ae-3790-452a-a858-9a48c47cd141), (9775a0ae-83b0-4b8a-bee5-4f259838415b, {\"level\":\"warning\",\"message\":\"json_decode(): Passing null to parameter #1 ($json) of type string is deprecated in \\/var\\/www\\/juzaweb\\/cms\\/modules\\/Backend\\/Helpers\\/helpers.php on line 269\",\"context\":[],\"hostname\":\"juzaweb\"}, 2022-10-09 11:23:47, ?, log, 9775a0ae-3801-42c2-b114-48916e396997), (9775a0ae-83b0-4b8a-bee5-4f259838415b, {\"command\":\"juzacms:plugin-autoload\",\"exit_code\":0,\"arguments\":{\"command\":\"juzacms:plugin-autoload\"},\"options\":{\"help\":false,\"quiet\":false,\"verbose\":false,\"version\":false,\"ansi\":null,\"no-interaction\":false,\"env\":null},\"hostname\":\"juzaweb\"}, 2022-10-09 11:23:47, ?, command, 9775a0ae-8249-4a08-971a-c3e81f47af6f)) at /var/www/juzaweb/cms/vendor/laravel/framework/src/Illuminate/Database/Connection.php:742)
[stacktrace]
#0 /var/www/juzaweb/cms/vendor/laravel/framework/src/Illuminate/Database/Connection.php(702): Illuminate\\Database\\Connection->runQueryCallback()
#1 /var/www/juzaweb/cms/vendor/laravel/framework/src/Illuminate/Database/Connection.php(528): Illuminate\\Database\\Connection->run()
#2 /var/www/juzaweb/cms/vendor/laravel/framework/src/Illuminate/Database/Connection.php(480): Illuminate\\Database\\Connection->statement()
#3 /var/www/juzaweb/cms/vendor/laravel/framework/src/Illuminate/Database/Query/Builder.php(3196): Illuminate\\Database\\Connection->insert()
#4 /var/www/juzaweb/cms/vendor/laravel/telescope/src/Storage/DatabaseEntriesRepository.php(148): Illuminate\\Database\\Query\\Builder->insert()
#5 /var/www/juzaweb/cms/vendor/laravel/framework/src/Illuminate/Collections/Traits/EnumeratesValues.php(263): Laravel\\Telescope\\Storage\\DatabaseEntriesRepository->Laravel\\Telescope\\Storage\\{closure}()
#6 /var/www/juzaweb/cms/vendor/laravel/telescope/src/Storage/DatabaseEntriesRepository.php(149): Illuminate\\Support\\Collection->each()
#7 /var/www/juzaweb/cms/vendor/laravel/telescope/src/Telescope.php(663): Laravel\\Telescope\\Storage\\DatabaseEntriesRepository->store()
#8 [internal function]: Laravel\\Telescope\\Telescope::Laravel\\Telescope\\{closure}()
#9 /var/www/juzaweb/cms/vendor/laravel/telescope/src/Telescope.php(284): call_user_func()
#10 /var/www/juzaweb/cms/vendor/laravel/telescope/src/Telescope.php(674): Laravel\\Telescope\\Telescope::withoutRecording()
#11 /var/www/juzaweb/cms/vendor/laravel/telescope/src/ListensForStorageOpportunities.php(65): Laravel\\Telescope\\Telescope::store()
#12 /var/www/juzaweb/cms/vendor/laravel/framework/src/Illuminate/Container/BoundMethod.php(36): Laravel\\Telescope\\Telescope::Laravel\\Telescope\\{closure}()
#13 /var/www/juzaweb/cms/vendor/laravel/framework/src/Illuminate/Container/Util.php(41): Illuminate\\Container\\BoundMethod::Illuminate\\Container\\{closure}()
#14 /var/www/juzaweb/cms/vendor/laravel/framework/src/Illuminate/Container/BoundMethod.php(81): Illuminate\\Container\\Util::unwrapIfClosure()
#15 /var/www/juzaweb/cms/vendor/laravel/framework/src/Illuminate/Container/BoundMethod.php(37): Illuminate\\Container\\BoundMethod::callBoundMethod()
#16 /var/www/juzaweb/cms/vendor/laravel/framework/src/Illuminate/Container/Container.php(651): Illuminate\\Container\\BoundMethod::call()
#17 /var/www/juzaweb/cms/vendor/laravel/framework/src/Illuminate/Foundation/Application.php(1172): Illuminate\\Container\\Container->call()
#18 /var/www/juzaweb/cms/vendor/laravel/framework/src/Illuminate/Foundation/Console/Kernel.php(148): Illuminate\\Foundation\\Application->terminate()
#19 /var/www/juzaweb/cms/artisan(51): Illuminate\\Foundation\\Console\\Kernel->terminate()
#20 {main}

[previous exception] [object] (PDOException(code: 1045): SQLSTATE[HY000] [1045] Access denied for user 'root'@'localhost' (using password: NO) at /var/www/juzaweb/cms/vendor/laravel/framework/src/Illuminate/Database/Connectors/Connector.php:70)
[stacktrace]
#0 /var/www/juzaweb/cms/vendor/laravel/framework/src/Illuminate/Database/Connectors/Connector.php(70): PDO->__construct()
#1 /var/www/juzaweb/cms/vendor/laravel/framework/src/Illuminate/Database/Connectors/Connector.php(46): Illuminate\\Database\\Connectors\\Connector->createPdoConnection()
#2 /var/www/juzaweb/cms/vendor/laravel/framework/src/Illuminate/Database/Connectors/MySqlConnector.php(24): Illuminate\\Database\\Connectors\\Connector->createConnection()
#3 /var/www/juzaweb/cms/vendor/laravel/framework/src/Illuminate/Database/Connectors/ConnectionFactory.php(184): Illuminate\\Database\\Connectors\\MySqlConnector->connect()
#4 [internal function]: Illuminate\\Database\\Connectors\\ConnectionFactory->Illuminate\\Database\\Connectors\\{closure}()
#5 /var/www/juzaweb/cms/vendor/laravel/framework/src/Illuminate/Database/Connection.php(1084): call_user_func()
#6 /var/www/juzaweb/cms/vendor/laravel/framework/src/Illuminate/Database/Connection.php(521): Illuminate\\Database\\Connection->getPdo()
#7 /var/www/juzaweb/cms/vendor/laravel/framework/src/Illuminate/Database/Connection.php(735): Illuminate\\Database\\Connection->Illuminate\\Database\\{closure}()
#8 /var/www/juzaweb/cms/vendor/laravel/framework/src/Illuminate/Database/Connection.php(702): Illuminate\\Database\\Connection->runQueryCallback()
#9 /var/www/juzaweb/cms/vendor/laravel/framework/src/Illuminate/Database/Connection.php(528): Illuminate\\Database\\Connection->run()
#10 /var/www/juzaweb/cms/vendor/laravel/framework/src/Illuminate/Database/Connection.php(480): Illuminate\\Database\\Connection->statement()
#11 /var/www/juzaweb/cms/vendor/laravel/framework/src/Illuminate/Database/Query/Builder.php(3196): Illuminate\\Database\\Connection->insert()
#12 /var/www/juzaweb/cms/vendor/laravel/telescope/src/Storage/DatabaseEntriesRepository.php(148): Illuminate\\Database\\Query\\Builder->insert()
#13 /var/www/juzaweb/cms/vendor/laravel/framework/src/Illuminate/Collections/Traits/EnumeratesValues.php(263): Laravel\\Telescope\\Storage\\DatabaseEntriesRepository->Laravel\\Telescope\\Storage\\{closure}()
#14 /var/www/juzaweb/cms/vendor/laravel/telescope/src/Storage/DatabaseEntriesRepository.php(149): Illuminate\\Support\\Collection->each()
#15 /var/www/juzaweb/cms/vendor/laravel/telescope/src/Telescope.php(663): Laravel\\Telescope\\Storage\\DatabaseEntriesRepository->store()
#16 [internal function]: Laravel\\Telescope\\Telescope::Laravel\\Telescope\\{closure}()
#17 /var/www/juzaweb/cms/vendor/laravel/telescope/src/Telescope.php(284): call_user_func()
#18 /var/www/juzaweb/cms/vendor/laravel/telescope/src/Telescope.php(674): Laravel\\Telescope\\Telescope::withoutRecording()
#19 /var/www/juzaweb/cms/vendor/laravel/telescope/src/ListensForStorageOpportunities.php(65): Laravel\\Telescope\\Telescope::store()
#20 /var/www/juzaweb/cms/vendor/laravel/framework/src/Illuminate/Container/BoundMethod.php(36): Laravel\\Telescope\\Telescope::Laravel\\Telescope\\{closure}()
#21 /var/www/juzaweb/cms/vendor/laravel/framework/src/Illuminate/Container/Util.php(41): Illuminate\\Container\\BoundMethod::Illuminate\\Container\\{closure}()
#22 /var/www/juzaweb/cms/vendor/laravel/framework/src/Illuminate/Container/BoundMethod.php(81): Illuminate\\Container\\Util::unwrapIfClosure()
#23 /var/www/juzaweb/cms/vendor/laravel/framework/src/Illuminate/Container/BoundMethod.php(37): Illuminate\\Container\\BoundMethod::callBoundMethod()
#24 /var/www/juzaweb/cms/vendor/laravel/framework/src/Illuminate/Container/Container.php(651): Illuminate\\Container\\BoundMethod::call()
#25 /var/www/juzaweb/cms/vendor/laravel/framework/src/Illuminate/Foundation/Application.php(1172): Illuminate\\Container\\Container->call()
#26 /var/www/juzaweb/cms/vendor/laravel/framework/src/Illuminate/Foundation/Console/Kernel.php(148): Illuminate\\Foundation\\Application->terminate()
#27 /var/www/juzaweb/cms/artisan(51): Illuminate\\Foundation\\Console\\Kernel->terminate()
#28 {main}
"} {"user":"guest","ip":"127.0.0.1","url":"http://localhost"}
