[2023-04-09 08:47:29] production.ERROR: SQLSTATE[HY000] [1045] Access denied for user 'root'@'localhost' (using password: NO) (SQL: insert into `telescope_entries` (`batch_id`, `content`, `created_at`, `family_hash`, `type`, `uuid`) values (98e387e4-a857-4606-b43a-3c24f250c5f3, {"level":"warning","message":"json_decode(): Passing null to parameter #1 ($json) of type string is deprecated in \/var\/www\/juzaweb\/cms\/modules\/Backend\/Helpers\/helpers.php on line 275","context":[],"hostname":"juzaweb"}, 2023-04-09 08:47:28, ?, log, 98e387e3-cfe7-47a6-8aa1-5906a166befe), (98e387e4-a857-4606-b43a-3c24f250c5f3, {"level":"warning","message":"json_decode(): Passing null to parameter #1 ($json) of type string is deprecated in \/var\/www\/juzaweb\/cms\/modules\/Backend\/Helpers\/helpers.php on line 275","context":[],"hostname":"juzaweb"}, 2023-04-09 08:47:28, ?, log, 98e387e4-1259-40f2-aa69-2520f70e7157), (98e387e4-a857-4606-b43a-3c24f250c5f3, {"level":"warning","message":"json_decode(): Passing null to parameter #1 ($json) of type string is deprecated in \/var\/www\/juzaweb\/cms\/modules\/Backend\/Helpers\/helpers.php on line 275","context":[],"hostname":"juzaweb"}, 2023-04-09 08:47:28, ?, log, 98e387e4-1303-499d-8899-37038be80589), (98e387e4-a857-4606-b43a-3c24f250c5f3, {"command":"juzacms:plugin-autoload","exit_code":0,"arguments":{"command":"juzacms:plugin-autoload"},"options":{"help":false,"quiet":false,"verbose":false,"version":false,"ansi":null,"no-interaction":false,"env":null},"hostname":"juzaweb"}, 2023-04-09 08:47:29, ?, command, 98e387e4-a695-4bec-a855-81dd002512c7)) {"exception":"[object] (Illuminate\\Database\\QueryException(code: 1045): SQLSTATE[HY000] [1045] Access denied for user 'root'@'localhost' (using password: NO) (SQL: insert into `telescope_entries` (`batch_id`, `content`, `created_at`, `family_hash`, `type`, `uuid`) values (98e387e4-a857-4606-b43a-3c24f250c5f3, {\"level\":\"warning\",\"message\":\"json_decode(): Passing null to parameter #1 ($json) of type string is deprecated in \\/var\\/www\\/juzaweb\\/cms\\/modules\\/Backend\\/Helpers\\/helpers.php on line 275\",\"context\":[],\"hostname\":\"juzaweb\"}, 2023-04-09 08:47:28, ?, log, 98e387e3-cfe7-47a6-8aa1-5906a166befe), (98e387e4-a857-4606-b43a-3c24f250c5f3, {\"level\":\"warning\",\"message\":\"json_decode(): Passing null to parameter #1 ($json) of type string is deprecated in \\/var\\/www\\/juzaweb\\/cms\\/modules\\/Backend\\/Helpers\\/helpers.php on line 275\",\"context\":[],\"hostname\":\"juzaweb\"}, 2023-04-09 08:47:28, ?, log, 98e387e4-1259-40f2-aa69-2520f70e7157), (98e387e4-a857-4606-b43a-3c24f250c5f3, {\"level\":\"warning\",\"message\":\"json_decode(): Passing null to parameter #1 ($json) of type string is deprecated in \\/var\\/www\\/juzaweb\\/cms\\/modules\\/Backend\\/Helpers\\/helpers.php on line 275\",\"context\":[],\"hostname\":\"juzaweb\"}, 2023-04-09 08:47:28, ?, log, 98e387e4-1303-499d-8899-37038be80589), (98e387e4-a857-4606-b43a-3c24f250c5f3, {\"command\":\"juzacms:plugin-autoload\",\"exit_code\":0,\"arguments\":{\"command\":\"juzacms:plugin-autoload\"},\"options\":{\"help\":false,\"quiet\":false,\"verbose\":false,\"version\":false,\"ansi\":null,\"no-interaction\":false,\"env\":null},\"hostname\":\"juzaweb\"}, 2023-04-09 08:47:29, ?, command, 98e387e4-a695-4bec-a855-81dd002512c7)) at /var/www/juzaweb/cms/vendor/laravel/framework/src/Illuminate/Database/Connection.php:742)
[stacktrace]
#0 /var/www/juzaweb/cms/vendor/laravel/framework/src/Illuminate/Database/Connection.php(702): Illuminate\\Database\\Connection->runQueryCallback()
#1 /var/www/juzaweb/cms/vendor/laravel/framework/src/Illuminate/Database/Connection.php(528): Illuminate\\Database\\Connection->run()
#2 /var/www/juzaweb/cms/vendor/laravel/framework/src/Illuminate/Database/Connection.php(480): Illuminate\\Database\\Connection->statement()
#3 /var/www/juzaweb/cms/vendor/laravel/framework/src/Illuminate/Database/Query/Builder.php(3196): Illuminate\\Database\\Connection->insert()
#4 /var/www/juzaweb/cms/vendor/laravel/telescope/src/Storage/DatabaseEntriesRepository.php(148): Illuminate\\Database\\Query\\Builder->insert()
#5 /var/www/juzaweb/cms/vendor/laravel/framework/src/Illuminate/Collections/Traits/EnumeratesValues.php(263): Laravel\\Telescope\\Storage\\DatabaseEntriesRepository->Laravel\\Telescope\\Storage\\{closure}()
#6 /var/www/juzaweb/cms/vendor/laravel/telescope/src/Storage/DatabaseEntriesRepository.php(149): Illuminate\\Support\\Collection->each()
#7 /var/www/juzaweb/cms/vendor/laravel/telescope/src/Telescope.php(663): Laravel\\Telescope\\Storage\\DatabaseEntriesRepository->store()
#8 [internal function]: Laravel\\Telescope\\Telescope::Laravel\\Telescope\\{closure}()
#9 /var/www/juzaweb/cms/vendor/laravel/telescope/src/Telescope.php(284): call_user_func()
#10 /var/www/juzaweb/cms/vendor/laravel/telescope/src/Telescope.php(674): Laravel\\Telescope\\Telescope::withoutRecording()
#11 /var/www/juzaweb/cms/vendor/laravel/telescope/src/ListensForStorageOpportunities.php(65): Laravel\\Telescope\\Telescope::store()
#12 /var/www/juzaweb/cms/vendor/laravel/framework/src/Illuminate/Container/BoundMethod.php(36): Laravel\\Telescope\\Telescope::Laravel\\Telescope\\{closure}()
#13 /var/www/juzaweb/cms/vendor/laravel/framework/src/Illuminate/Container/Util.php(41): Illuminate\\Container\\BoundMethod::Illuminate\\Container\\{closure}()
#14 /var/www/juzaweb/cms/vendor/laravel/framework/src/Illuminate/Container/BoundMethod.php(81): Illuminate\\Container\\Util::unwrapIfClosure()
#15 /var/www/juzaweb/cms/vendor/laravel/framework/src/Illuminate/Container/BoundMethod.php(37): Illuminate\\Container\\BoundMethod::callBoundMethod()
#16 /var/www/juzaweb/cms/vendor/laravel/framework/src/Illuminate/Container/Container.php(651): Illuminate\\Container\\BoundMethod::call()
#17 /var/www/juzaweb/cms/vendor/laravel/framework/src/Illuminate/Foundation/Application.php(1172): Illuminate\\Container\\Container->call()
#18 /var/www/juzaweb/cms/vendor/laravel/framework/src/Illuminate/Foundation/Console/Kernel.php(148): Illuminate\\Foundation\\Application->terminate()
#19 /var/www/juzaweb/cms/artisan(51): Illuminate\\Foundation\\Console\\Kernel->terminate()
#20 {main}

[previous exception] [object] (PDOException(code: 1045): SQLSTATE[HY000] [1045] Access denied for user 'root'@'localhost' (using password: NO) at /var/www/juzaweb/cms/vendor/laravel/framework/src/Illuminate/Database/Connectors/Connector.php:70)
[stacktrace]
#0 /var/www/juzaweb/cms/vendor/laravel/framework/src/Illuminate/Database/Connectors/Connector.php(70): PDO->__construct()
#1 /var/www/juzaweb/cms/vendor/laravel/framework/src/Illuminate/Database/Connectors/Connector.php(46): Illuminate\\Database\\Connectors\\Connector->createPdoConnection()
#2 /var/www/juzaweb/cms/vendor/laravel/framework/src/Illuminate/Database/Connectors/MySqlConnector.php(24): Illuminate\\Database\\Connectors\\Connector->createConnection()
#3 /var/www/juzaweb/cms/vendor/laravel/framework/src/Illuminate/Database/Connectors/ConnectionFactory.php(184): Illuminate\\Database\\Connectors\\MySqlConnector->connect()
#4 [internal function]: Illuminate\\Database\\Connectors\\ConnectionFactory->Illuminate\\Database\\Connectors\\{closure}()
#5 /var/www/juzaweb/cms/vendor/laravel/framework/src/Illuminate/Database/Connection.php(1084): call_user_func()
#6 /var/www/juzaweb/cms/vendor/laravel/framework/src/Illuminate/Database/Connection.php(521): Illuminate\\Database\\Connection->getPdo()
#7 /var/www/juzaweb/cms/vendor/laravel/framework/src/Illuminate/Database/Connection.php(735): Illuminate\\Database\\Connection->Illuminate\\Database\\{closure}()
#8 /var/www/juzaweb/cms/vendor/laravel/framework/src/Illuminate/Database/Connection.php(702): Illuminate\\Database\\Connection->runQueryCallback()
#9 /var/www/juzaweb/cms/vendor/laravel/framework/src/Illuminate/Database/Connection.php(528): Illuminate\\Database\\Connection->run()
#10 /var/www/juzaweb/cms/vendor/laravel/framework/src/Illuminate/Database/Connection.php(480): Illuminate\\Database\\Connection->statement()
#11 /var/www/juzaweb/cms/vendor/laravel/framework/src/Illuminate/Database/Query/Builder.php(3196): Illuminate\\Database\\Connection->insert()
#12 /var/www/juzaweb/cms/vendor/laravel/telescope/src/Storage/DatabaseEntriesRepository.php(148): Illuminate\\Database\\Query\\Builder->insert()
#13 /var/www/juzaweb/cms/vendor/laravel/framework/src/Illuminate/Collections/Traits/EnumeratesValues.php(263): Laravel\\Telescope\\Storage\\DatabaseEntriesRepository->Laravel\\Telescope\\Storage\\{closure}()
#14 /var/www/juzaweb/cms/vendor/laravel/telescope/src/Storage/DatabaseEntriesRepository.php(149): Illuminate\\Support\\Collection->each()
#15 /var/www/juzaweb/cms/vendor/laravel/telescope/src/Telescope.php(663): Laravel\\Telescope\\Storage\\DatabaseEntriesRepository->store()
#16 [internal function]: Laravel\\Telescope\\Telescope::Laravel\\Telescope\\{closure}()
#17 /var/www/juzaweb/cms/vendor/laravel/telescope/src/Telescope.php(284): call_user_func()
#18 /var/www/juzaweb/cms/vendor/laravel/telescope/src/Telescope.php(674): Laravel\\Telescope\\Telescope::withoutRecording()
#19 /var/www/juzaweb/cms/vendor/laravel/telescope/src/ListensForStorageOpportunities.php(65): Laravel\\Telescope\\Telescope::store()
#20 /var/www/juzaweb/cms/vendor/laravel/framework/src/Illuminate/Container/BoundMethod.php(36): Laravel\\Telescope\\Telescope::Laravel\\Telescope\\{closure}()
#21 /var/www/juzaweb/cms/vendor/laravel/framework/src/Illuminate/Container/Util.php(41): Illuminate\\Container\\BoundMethod::Illuminate\\Container\\{closure}()
#22 /var/www/juzaweb/cms/vendor/laravel/framework/src/Illuminate/Container/BoundMethod.php(81): Illuminate\\Container\\Util::unwrapIfClosure()
#23 /var/www/juzaweb/cms/vendor/laravel/framework/src/Illuminate/Container/BoundMethod.php(37): Illuminate\\Container\\BoundMethod::callBoundMethod()
#24 /var/www/juzaweb/cms/vendor/laravel/framework/src/Illuminate/Container/Container.php(651): Illuminate\\Container\\BoundMethod::call()
#25 /var/www/juzaweb/cms/vendor/laravel/framework/src/Illuminate/Foundation/Application.php(1172): Illuminate\\Container\\Container->call()
#26 /var/www/juzaweb/cms/vendor/laravel/framework/src/Illuminate/Foundation/Console/Kernel.php(148): Illuminate\\Foundation\\Application->terminate()
#27 /var/www/juzaweb/cms/artisan(51): Illuminate\\Foundation\\Console\\Kernel->terminate()
#28 {main}
"} {"user":"guest","ip":"127.0.0.1","url":"http://localhost"}
[2023-04-09 08:47:36] production.ERROR: SQLSTATE[HY000] [1045] Access denied for user 'root'@'localhost' (using password: NO) (SQL: insert into `telescope_entries` (`batch_id`, `content`, `created_at`, `family_hash`, `type`, `uuid`) values (98e387ef-9a45-4624-b5b9-41bd31605c3f, {"level":"warning","message":"json_decode(): Passing null to parameter #1 ($json) of type string is deprecated in \/var\/www\/juzaweb\/cms\/modules\/Backend\/Helpers\/helpers.php on line 275","context":[],"hostname":"juzaweb"}, 2023-04-09 08:47:35, ?, log, 98e387ef-0bfc-45dc-b1e4-bac9a9a6c723), (98e387ef-9a45-4624-b5b9-41bd31605c3f, {"level":"warning","message":"json_decode(): Passing null to parameter #1 ($json) of type string is deprecated in \/var\/www\/juzaweb\/cms\/modules\/Backend\/Helpers\/helpers.php on line 275","context":[],"hostname":"juzaweb"}, 2023-04-09 08:47:35, ?, log, 98e387ef-364c-4d68-a534-0c6b52a42da9), (98e387ef-9a45-4624-b5b9-41bd31605c3f, {"level":"warning","message":"json_decode(): Passing null to parameter #1 ($json) of type string is deprecated in \/var\/www\/juzaweb\/cms\/modules\/Backend\/Helpers\/helpers.php on line 275","context":[],"hostname":"juzaweb"}, 2023-04-09 08:47:35, ?, log, 98e387ef-36c9-437d-aa94-e27e3e79bb17), (98e387ef-9a45-4624-b5b9-41bd31605c3f, {"command":"juzacms:plugin-autoload","exit_code":0,"arguments":{"command":"juzacms:plugin-autoload"},"options":{"help":false,"quiet":false,"verbose":false,"version":false,"ansi":null,"no-interaction":false,"env":null},"hostname":"juzaweb"}, 2023-04-09 08:47:36, ?, command, 98e387ef-98d2-409b-9ce2-d891ab048300)) {"exception":"[object] (Illuminate\\Database\\QueryException(code: 1045): SQLSTATE[HY000] [1045] Access denied for user 'root'@'localhost' (using password: NO) (SQL: insert into `telescope_entries` (`batch_id`, `content`, `created_at`, `family_hash`, `type`, `uuid`) values (98e387ef-9a45-4624-b5b9-41bd31605c3f, {\"level\":\"warning\",\"message\":\"json_decode(): Passing null to parameter #1 ($json) of type string is deprecated in \\/var\\/www\\/juzaweb\\/cms\\/modules\\/Backend\\/Helpers\\/helpers.php on line 275\",\"context\":[],\"hostname\":\"juzaweb\"}, 2023-04-09 08:47:35, ?, log, 98e387ef-0bfc-45dc-b1e4-bac9a9a6c723), (98e387ef-9a45-4624-b5b9-41bd31605c3f, {\"level\":\"warning\",\"message\":\"json_decode(): Passing null to parameter #1 ($json) of type string is deprecated in \\/var\\/www\\/juzaweb\\/cms\\/modules\\/Backend\\/Helpers\\/helpers.php on line 275\",\"context\":[],\"hostname\":\"juzaweb\"}, 2023-04-09 08:47:35, ?, log, 98e387ef-364c-4d68-a534-0c6b52a42da9), (98e387ef-9a45-4624-b5b9-41bd31605c3f, {\"level\":\"warning\",\"message\":\"json_decode(): Passing null to parameter #1 ($json) of type string is deprecated in \\/var\\/www\\/juzaweb\\/cms\\/modules\\/Backend\\/Helpers\\/helpers.php on line 275\",\"context\":[],\"hostname\":\"juzaweb\"}, 2023-04-09 08:47:35, ?, log, 98e387ef-36c9-437d-aa94-e27e3e79bb17), (98e387ef-9a45-4624-b5b9-41bd31605c3f, {\"command\":\"juzacms:plugin-autoload\",\"exit_code\":0,\"arguments\":{\"command\":\"juzacms:plugin-autoload\"},\"options\":{\"help\":false,\"quiet\":false,\"verbose\":false,\"version\":false,\"ansi\":null,\"no-interaction\":false,\"env\":null},\"hostname\":\"juzaweb\"}, 2023-04-09 08:47:36, ?, command, 98e387ef-98d2-409b-9ce2-d891ab048300)) at /var/www/juzaweb/cms/vendor/laravel/framework/src/Illuminate/Database/Connection.php:742)
[stacktrace]
#0 /var/www/juzaweb/cms/vendor/laravel/framework/src/Illuminate/Database/Connection.php(702): Illuminate\\Database\\Connection->runQueryCallback()
#1 /var/www/juzaweb/cms/vendor/laravel/framework/src/Illuminate/Database/Connection.php(528): Illuminate\\Database\\Connection->run()
#2 /var/www/juzaweb/cms/vendor/laravel/framework/src/Illuminate/Database/Connection.php(480): Illuminate\\Database\\Connection->statement()
#3 /var/www/juzaweb/cms/vendor/laravel/framework/src/Illuminate/Database/Query/Builder.php(3196): Illuminate\\Database\\Connection->insert()
#4 /var/www/juzaweb/cms/vendor/laravel/telescope/src/Storage/DatabaseEntriesRepository.php(148): Illuminate\\Database\\Query\\Builder->insert()
#5 /var/www/juzaweb/cms/vendor/laravel/framework/src/Illuminate/Collections/Traits/EnumeratesValues.php(263): Laravel\\Telescope\\Storage\\DatabaseEntriesRepository->Laravel\\Telescope\\Storage\\{closure}()
#6 /var/www/juzaweb/cms/vendor/laravel/telescope/src/Storage/DatabaseEntriesRepository.php(149): Illuminate\\Support\\Collection->each()
#7 /var/www/juzaweb/cms/vendor/laravel/telescope/src/Telescope.php(663): Laravel\\Telescope\\Storage\\DatabaseEntriesRepository->store()
#8 [internal function]: Laravel\\Telescope\\Telescope::Laravel\\Telescope\\{closure}()
#9 /var/www/juzaweb/cms/vendor/laravel/telescope/src/Telescope.php(284): call_user_func()
#10 /var/www/juzaweb/cms/vendor/laravel/telescope/src/Telescope.php(674): Laravel\\Telescope\\Telescope::withoutRecording()
#11 /var/www/juzaweb/cms/vendor/laravel/telescope/src/ListensForStorageOpportunities.php(65): Laravel\\Telescope\\Telescope::store()
#12 /var/www/juzaweb/cms/vendor/laravel/framework/src/Illuminate/Container/BoundMethod.php(36): Laravel\\Telescope\\Telescope::Laravel\\Telescope\\{closure}()
#13 /var/www/juzaweb/cms/vendor/laravel/framework/src/Illuminate/Container/Util.php(41): Illuminate\\Container\\BoundMethod::Illuminate\\Container\\{closure}()
#14 /var/www/juzaweb/cms/vendor/laravel/framework/src/Illuminate/Container/BoundMethod.php(81): Illuminate\\Container\\Util::unwrapIfClosure()
#15 /var/www/juzaweb/cms/vendor/laravel/framework/src/Illuminate/Container/BoundMethod.php(37): Illuminate\\Container\\BoundMethod::callBoundMethod()
#16 /var/www/juzaweb/cms/vendor/laravel/framework/src/Illuminate/Container/Container.php(651): Illuminate\\Container\\BoundMethod::call()
#17 /var/www/juzaweb/cms/vendor/laravel/framework/src/Illuminate/Foundation/Application.php(1172): Illuminate\\Container\\Container->call()
#18 /var/www/juzaweb/cms/vendor/laravel/framework/src/Illuminate/Foundation/Console/Kernel.php(148): Illuminate\\Foundation\\Application->terminate()
#19 /var/www/juzaweb/cms/artisan(51): Illuminate\\Foundation\\Console\\Kernel->terminate()
#20 {main}

[previous exception] [object] (PDOException(code: 1045): SQLSTATE[HY000] [1045] Access denied for user 'root'@'localhost' (using password: NO) at /var/www/juzaweb/cms/vendor/laravel/framework/src/Illuminate/Database/Connectors/Connector.php:70)
[stacktrace]
#0 /var/www/juzaweb/cms/vendor/laravel/framework/src/Illuminate/Database/Connectors/Connector.php(70): PDO->__construct()
#1 /var/www/juzaweb/cms/vendor/laravel/framework/src/Illuminate/Database/Connectors/Connector.php(46): Illuminate\\Database\\Connectors\\Connector->createPdoConnection()
#2 /var/www/juzaweb/cms/vendor/laravel/framework/src/Illuminate/Database/Connectors/MySqlConnector.php(24): Illuminate\\Database\\Connectors\\Connector->createConnection()
#3 /var/www/juzaweb/cms/vendor/laravel/framework/src/Illuminate/Database/Connectors/ConnectionFactory.php(184): Illuminate\\Database\\Connectors\\MySqlConnector->connect()
#4 [internal function]: Illuminate\\Database\\Connectors\\ConnectionFactory->Illuminate\\Database\\Connectors\\{closure}()
#5 /var/www/juzaweb/cms/vendor/laravel/framework/src/Illuminate/Database/Connection.php(1084): call_user_func()
#6 /var/www/juzaweb/cms/vendor/laravel/framework/src/Illuminate/Database/Connection.php(521): Illuminate\\Database\\Connection->getPdo()
#7 /var/www/juzaweb/cms/vendor/laravel/framework/src/Illuminate/Database/Connection.php(735): Illuminate\\Database\\Connection->Illuminate\\Database\\{closure}()
#8 /var/www/juzaweb/cms/vendor/laravel/framework/src/Illuminate/Database/Connection.php(702): Illuminate\\Database\\Connection->runQueryCallback()
#9 /var/www/juzaweb/cms/vendor/laravel/framework/src/Illuminate/Database/Connection.php(528): Illuminate\\Database\\Connection->run()
#10 /var/www/juzaweb/cms/vendor/laravel/framework/src/Illuminate/Database/Connection.php(480): Illuminate\\Database\\Connection->statement()
#11 /var/www/juzaweb/cms/vendor/laravel/framework/src/Illuminate/Database/Query/Builder.php(3196): Illuminate\\Database\\Connection->insert()
#12 /var/www/juzaweb/cms/vendor/laravel/telescope/src/Storage/DatabaseEntriesRepository.php(148): Illuminate\\Database\\Query\\Builder->insert()
#13 /var/www/juzaweb/cms/vendor/laravel/framework/src/Illuminate/Collections/Traits/EnumeratesValues.php(263): Laravel\\Telescope\\Storage\\DatabaseEntriesRepository->Laravel\\Telescope\\Storage\\{closure}()
#14 /var/www/juzaweb/cms/vendor/laravel/telescope/src/Storage/DatabaseEntriesRepository.php(149): Illuminate\\Support\\Collection->each()
#15 /var/www/juzaweb/cms/vendor/laravel/telescope/src/Telescope.php(663): Laravel\\Telescope\\Storage\\DatabaseEntriesRepository->store()
#16 [internal function]: Laravel\\Telescope\\Telescope::Laravel\\Telescope\\{closure}()
#17 /var/www/juzaweb/cms/vendor/laravel/telescope/src/Telescope.php(284): call_user_func()
#18 /var/www/juzaweb/cms/vendor/laravel/telescope/src/Telescope.php(674): Laravel\\Telescope\\Telescope::withoutRecording()
#19 /var/www/juzaweb/cms/vendor/laravel/telescope/src/ListensForStorageOpportunities.php(65): Laravel\\Telescope\\Telescope::store()
#20 /var/www/juzaweb/cms/vendor/laravel/framework/src/Illuminate/Container/BoundMethod.php(36): Laravel\\Telescope\\Telescope::Laravel\\Telescope\\{closure}()
#21 /var/www/juzaweb/cms/vendor/laravel/framework/src/Illuminate/Container/Util.php(41): Illuminate\\Container\\BoundMethod::Illuminate\\Container\\{closure}()
#22 /var/www/juzaweb/cms/vendor/laravel/framework/src/Illuminate/Container/BoundMethod.php(81): Illuminate\\Container\\Util::unwrapIfClosure()
#23 /var/www/juzaweb/cms/vendor/laravel/framework/src/Illuminate/Container/BoundMethod.php(37): Illuminate\\Container\\BoundMethod::callBoundMethod()
#24 /var/www/juzaweb/cms/vendor/laravel/framework/src/Illuminate/Container/Container.php(651): Illuminate\\Container\\BoundMethod::call()
#25 /var/www/juzaweb/cms/vendor/laravel/framework/src/Illuminate/Foundation/Application.php(1172): Illuminate\\Container\\Container->call()
#26 /var/www/juzaweb/cms/vendor/laravel/framework/src/Illuminate/Foundation/Console/Kernel.php(148): Illuminate\\Foundation\\Application->terminate()
#27 /var/www/juzaweb/cms/artisan(51): Illuminate\\Foundation\\Console\\Kernel->terminate()
#28 {main}
"} {"user":"guest","ip":"127.0.0.1","url":"http://localhost"}
