[2022-12-17 11:35:48] production.ERROR: SQLSTATE[HY000] [1045] Access denied for user 'root'@'localhost' (using password: NO) (SQL: insert into `telescope_entries` (`batch_id`, `content`, `created_at`, `family_hash`, `type`, `uuid`) values (980072e1-ce0c-4f37-b649-54939bcdb72d, {"level":"warning","message":"json_decode(): Passing null to parameter #1 ($json) of type string is deprecated in \/var\/www\/juzaweb\/cms\/modules\/Backend\/Helpers\/helpers.php on line 279","context":[],"hostname":"juzaweb"}, 2022-12-17 11:35:47, ?, log, 980072e1-6537-4114-89be-8b4b38a9ed08), (980072e1-ce0c-4f37-b649-54939bcdb72d, {"level":"warning","message":"json_decode(): Passing null to parameter #1 ($json) of type string is deprecated in \/var\/www\/juzaweb\/cms\/modules\/Backend\/Helpers\/helpers.php on line 279","context":[],"hostname":"juzaweb"}, 2022-12-17 11:35:48, ?, log, 980072e1-800e-4f68-b6c3-dc0c0c3f505d), (980072e1-ce0c-4f37-b649-54939bcdb72d, {"level":"warning","message":"json_decode(): Passing null to parameter #1 ($json) of type string is deprecated in \/var\/www\/juzaweb\/cms\/modules\/Backend\/Helpers\/helpers.php on line 279","context":[],"hostname":"juzaweb"}, 2022-12-17 11:35:48, ?, log, 980072e1-806c-4d47-88b4-bf09354a257c), (980072e1-ce0c-4f37-b649-54939bcdb72d, {"command":"juzacms:plugin-autoload","exit_code":0,"arguments":{"command":"juzacms:plugin-autoload"},"options":{"help":false,"quiet":false,"verbose":false,"version":false,"ansi":null,"no-interaction":false,"env":null},"hostname":"juzaweb"}, 2022-12-17 11:35:48, ?, command, 980072e1-cc1c-4b32-8c73-2937d7bd1864)) {"exception":"[object] (Illuminate\\Database\\QueryException(code: 1045): SQLSTATE[HY000] [1045] Access denied for user 'root'@'localhost' (using password: NO) (SQL: insert into `telescope_entries` (`batch_id`, `content`, `created_at`, `family_hash`, `type`, `uuid`) values (980072e1-ce0c-4f37-b649-54939bcdb72d, {\"level\":\"warning\",\"message\":\"json_decode(): Passing null to parameter #1 ($json) of type string is deprecated in \\/var\\/www\\/juzaweb\\/cms\\/modules\\/Backend\\/Helpers\\/helpers.php on line 279\",\"context\":[],\"hostname\":\"juzaweb\"}, 2022-12-17 11:35:47, ?, log, 980072e1-6537-4114-89be-8b4b38a9ed08), (980072e1-ce0c-4f37-b649-54939bcdb72d, {\"level\":\"warning\",\"message\":\"json_decode(): Passing null to parameter #1 ($json) of type string is deprecated in \\/var\\/www\\/juzaweb\\/cms\\/modules\\/Backend\\/Helpers\\/helpers.php on line 279\",\"context\":[],\"hostname\":\"juzaweb\"}, 2022-12-17 11:35:48, ?, log, 980072e1-800e-4f68-b6c3-dc0c0c3f505d), (980072e1-ce0c-4f37-b649-54939bcdb72d, {\"level\":\"warning\",\"message\":\"json_decode(): Passing null to parameter #1 ($json) of type string is deprecated in \\/var\\/www\\/juzaweb\\/cms\\/modules\\/Backend\\/Helpers\\/helpers.php on line 279\",\"context\":[],\"hostname\":\"juzaweb\"}, 2022-12-17 11:35:48, ?, log, 980072e1-806c-4d47-88b4-bf09354a257c), (980072e1-ce0c-4f37-b649-54939bcdb72d, {\"command\":\"juzacms:plugin-autoload\",\"exit_code\":0,\"arguments\":{\"command\":\"juzacms:plugin-autoload\"},\"options\":{\"help\":false,\"quiet\":false,\"verbose\":false,\"version\":false,\"ansi\":null,\"no-interaction\":false,\"env\":null},\"hostname\":\"juzaweb\"}, 2022-12-17 11:35:48, ?, command, 980072e1-cc1c-4b32-8c73-2937d7bd1864)) at /var/www/juzaweb/cms/vendor/laravel/framework/src/Illuminate/Database/Connection.php:742)
[stacktrace]
#0 /var/www/juzaweb/cms/vendor/laravel/framework/src/Illuminate/Database/Connection.php(702): Illuminate\\Database\\Connection->runQueryCallback()
#1 /var/www/juzaweb/cms/vendor/laravel/framework/src/Illuminate/Database/Connection.php(528): Illuminate\\Database\\Connection->run()
#2 /var/www/juzaweb/cms/vendor/laravel/framework/src/Illuminate/Database/Connection.php(480): Illuminate\\Database\\Connection->statement()
#3 /var/www/juzaweb/cms/vendor/laravel/framework/src/Illuminate/Database/Query/Builder.php(3196): Illuminate\\Database\\Connection->insert()
#4 /var/www/juzaweb/cms/vendor/laravel/telescope/src/Storage/DatabaseEntriesRepository.php(148): Illuminate\\Database\\Query\\Builder->insert()
#5 /var/www/juzaweb/cms/vendor/laravel/framework/src/Illuminate/Collections/Traits/EnumeratesValues.php(263): Laravel\\Telescope\\Storage\\DatabaseEntriesRepository->Laravel\\Telescope\\Storage\\{closure}()
#6 /var/www/juzaweb/cms/vendor/laravel/telescope/src/Storage/DatabaseEntriesRepository.php(149): Illuminate\\Support\\Collection->each()
#7 /var/www/juzaweb/cms/vendor/laravel/telescope/src/Telescope.php(663): Laravel\\Telescope\\Storage\\DatabaseEntriesRepository->store()
#8 [internal function]: Laravel\\Telescope\\Telescope::Laravel\\Telescope\\{closure}()
#9 /var/www/juzaweb/cms/vendor/laravel/telescope/src/Telescope.php(284): call_user_func()
#10 /var/www/juzaweb/cms/vendor/laravel/telescope/src/Telescope.php(674): Laravel\\Telescope\\Telescope::withoutRecording()
#11 /var/www/juzaweb/cms/vendor/laravel/telescope/src/ListensForStorageOpportunities.php(65): Laravel\\Telescope\\Telescope::store()
#12 /var/www/juzaweb/cms/vendor/laravel/framework/src/Illuminate/Container/BoundMethod.php(36): Laravel\\Telescope\\Telescope::Laravel\\Telescope\\{closure}()
#13 /var/www/juzaweb/cms/vendor/laravel/framework/src/Illuminate/Container/Util.php(41): Illuminate\\Container\\BoundMethod::Illuminate\\Container\\{closure}()
#14 /var/www/juzaweb/cms/vendor/laravel/framework/src/Illuminate/Container/BoundMethod.php(81): Illuminate\\Container\\Util::unwrapIfClosure()
#15 /var/www/juzaweb/cms/vendor/laravel/framework/src/Illuminate/Container/BoundMethod.php(37): Illuminate\\Container\\BoundMethod::callBoundMethod()
#16 /var/www/juzaweb/cms/vendor/laravel/framework/src/Illuminate/Container/Container.php(651): Illuminate\\Container\\BoundMethod::call()
#17 /var/www/juzaweb/cms/vendor/laravel/framework/src/Illuminate/Foundation/Application.php(1172): Illuminate\\Container\\Container->call()
#18 /var/www/juzaweb/cms/vendor/laravel/framework/src/Illuminate/Foundation/Console/Kernel.php(148): Illuminate\\Foundation\\Application->terminate()
#19 /var/www/juzaweb/cms/artisan(51): Illuminate\\Foundation\\Console\\Kernel->terminate()
#20 {main}

[previous exception] [object] (PDOException(code: 1045): SQLSTATE[HY000] [1045] Access denied for user 'root'@'localhost' (using password: NO) at /var/www/juzaweb/cms/vendor/laravel/framework/src/Illuminate/Database/Connectors/Connector.php:70)
[stacktrace]
#0 /var/www/juzaweb/cms/vendor/laravel/framework/src/Illuminate/Database/Connectors/Connector.php(70): PDO->__construct()
#1 /var/www/juzaweb/cms/vendor/laravel/framework/src/Illuminate/Database/Connectors/Connector.php(46): Illuminate\\Database\\Connectors\\Connector->createPdoConnection()
#2 /var/www/juzaweb/cms/vendor/laravel/framework/src/Illuminate/Database/Connectors/MySqlConnector.php(24): Illuminate\\Database\\Connectors\\Connector->createConnection()
#3 /var/www/juzaweb/cms/vendor/laravel/framework/src/Illuminate/Database/Connectors/ConnectionFactory.php(184): Illuminate\\Database\\Connectors\\MySqlConnector->connect()
#4 [internal function]: Illuminate\\Database\\Connectors\\ConnectionFactory->Illuminate\\Database\\Connectors\\{closure}()
#5 /var/www/juzaweb/cms/vendor/laravel/framework/src/Illuminate/Database/Connection.php(1084): call_user_func()
#6 /var/www/juzaweb/cms/vendor/laravel/framework/src/Illuminate/Database/Connection.php(521): Illuminate\\Database\\Connection->getPdo()
#7 /var/www/juzaweb/cms/vendor/laravel/framework/src/Illuminate/Database/Connection.php(735): Illuminate\\Database\\Connection->Illuminate\\Database\\{closure}()
#8 /var/www/juzaweb/cms/vendor/laravel/framework/src/Illuminate/Database/Connection.php(702): Illuminate\\Database\\Connection->runQueryCallback()
#9 /var/www/juzaweb/cms/vendor/laravel/framework/src/Illuminate/Database/Connection.php(528): Illuminate\\Database\\Connection->run()
#10 /var/www/juzaweb/cms/vendor/laravel/framework/src/Illuminate/Database/Connection.php(480): Illuminate\\Database\\Connection->statement()
#11 /var/www/juzaweb/cms/vendor/laravel/framework/src/Illuminate/Database/Query/Builder.php(3196): Illuminate\\Database\\Connection->insert()
#12 /var/www/juzaweb/cms/vendor/laravel/telescope/src/Storage/DatabaseEntriesRepository.php(148): Illuminate\\Database\\Query\\Builder->insert()
#13 /var/www/juzaweb/cms/vendor/laravel/framework/src/Illuminate/Collections/Traits/EnumeratesValues.php(263): Laravel\\Telescope\\Storage\\DatabaseEntriesRepository->Laravel\\Telescope\\Storage\\{closure}()
#14 /var/www/juzaweb/cms/vendor/laravel/telescope/src/Storage/DatabaseEntriesRepository.php(149): Illuminate\\Support\\Collection->each()
#15 /var/www/juzaweb/cms/vendor/laravel/telescope/src/Telescope.php(663): Laravel\\Telescope\\Storage\\DatabaseEntriesRepository->store()
#16 [internal function]: Laravel\\Telescope\\Telescope::Laravel\\Telescope\\{closure}()
#17 /var/www/juzaweb/cms/vendor/laravel/telescope/src/Telescope.php(284): call_user_func()
#18 /var/www/juzaweb/cms/vendor/laravel/telescope/src/Telescope.php(674): Laravel\\Telescope\\Telescope::withoutRecording()
#19 /var/www/juzaweb/cms/vendor/laravel/telescope/src/ListensForStorageOpportunities.php(65): Laravel\\Telescope\\Telescope::store()
#20 /var/www/juzaweb/cms/vendor/laravel/framework/src/Illuminate/Container/BoundMethod.php(36): Laravel\\Telescope\\Telescope::Laravel\\Telescope\\{closure}()
#21 /var/www/juzaweb/cms/vendor/laravel/framework/src/Illuminate/Container/Util.php(41): Illuminate\\Container\\BoundMethod::Illuminate\\Container\\{closure}()
#22 /var/www/juzaweb/cms/vendor/laravel/framework/src/Illuminate/Container/BoundMethod.php(81): Illuminate\\Container\\Util::unwrapIfClosure()
#23 /var/www/juzaweb/cms/vendor/laravel/framework/src/Illuminate/Container/BoundMethod.php(37): Illuminate\\Container\\BoundMethod::callBoundMethod()
#24 /var/www/juzaweb/cms/vendor/laravel/framework/src/Illuminate/Container/Container.php(651): Illuminate\\Container\\BoundMethod::call()
#25 /var/www/juzaweb/cms/vendor/laravel/framework/src/Illuminate/Foundation/Application.php(1172): Illuminate\\Container\\Container->call()
#26 /var/www/juzaweb/cms/vendor/laravel/framework/src/Illuminate/Foundation/Console/Kernel.php(148): Illuminate\\Foundation\\Application->terminate()
#27 /var/www/juzaweb/cms/artisan(51): Illuminate\\Foundation\\Console\\Kernel->terminate()
#28 {main}
"} {"user":"guest","ip":"127.0.0.1","url":"http://localhost"}
[2022-12-17 11:35:54] production.ERROR: SQLSTATE[HY000] [1045] Access denied for user 'root'@'localhost' (using password: NO) (SQL: insert into `telescope_entries` (`batch_id`, `content`, `created_at`, `family_hash`, `type`, `uuid`) values (980072eb-fdfe-4396-95ab-a8f65fb06b55, {"level":"warning","message":"json_decode(): Passing null to parameter #1 ($json) of type string is deprecated in \/var\/www\/juzaweb\/cms\/modules\/Backend\/Helpers\/helpers.php on line 279","context":[],"hostname":"juzaweb"}, 2022-12-17 11:35:54, ?, log, 980072eb-8f03-4ae7-afac-232fef3f088f), (980072eb-fdfe-4396-95ab-a8f65fb06b55, {"level":"warning","message":"json_decode(): Passing null to parameter #1 ($json) of type string is deprecated in \/var\/www\/juzaweb\/cms\/modules\/Backend\/Helpers\/helpers.php on line 279","context":[],"hostname":"juzaweb"}, 2022-12-17 11:35:54, ?, log, 980072eb-a6cc-4575-8716-acd59f5c8b9c), (980072eb-fdfe-4396-95ab-a8f65fb06b55, {"level":"warning","message":"json_decode(): Passing null to parameter #1 ($json) of type string is deprecated in \/var\/www\/juzaweb\/cms\/modules\/Backend\/Helpers\/helpers.php on line 279","context":[],"hostname":"juzaweb"}, 2022-12-17 11:35:54, ?, log, 980072eb-a715-4b3f-9fde-8ea4447a0d8a), (980072eb-fdfe-4396-95ab-a8f65fb06b55, {"command":"juzacms:plugin-autoload","exit_code":0,"arguments":{"command":"juzacms:plugin-autoload"},"options":{"help":false,"quiet":false,"verbose":false,"version":false,"ansi":null,"no-interaction":false,"env":null},"hostname":"juzaweb"}, 2022-12-17 11:35:54, ?, command, 980072eb-fc2a-4883-bed8-98e9c747f22f)) {"exception":"[object] (Illuminate\\Database\\QueryException(code: 1045): SQLSTATE[HY000] [1045] Access denied for user 'root'@'localhost' (using password: NO) (SQL: insert into `telescope_entries` (`batch_id`, `content`, `created_at`, `family_hash`, `type`, `uuid`) values (980072eb-fdfe-4396-95ab-a8f65fb06b55, {\"level\":\"warning\",\"message\":\"json_decode(): Passing null to parameter #1 ($json) of type string is deprecated in \\/var\\/www\\/juzaweb\\/cms\\/modules\\/Backend\\/Helpers\\/helpers.php on line 279\",\"context\":[],\"hostname\":\"juzaweb\"}, 2022-12-17 11:35:54, ?, log, 980072eb-8f03-4ae7-afac-232fef3f088f), (980072eb-fdfe-4396-95ab-a8f65fb06b55, {\"level\":\"warning\",\"message\":\"json_decode(): Passing null to parameter #1 ($json) of type string is deprecated in \\/var\\/www\\/juzaweb\\/cms\\/modules\\/Backend\\/Helpers\\/helpers.php on line 279\",\"context\":[],\"hostname\":\"juzaweb\"}, 2022-12-17 11:35:54, ?, log, 980072eb-a6cc-4575-8716-acd59f5c8b9c), (980072eb-fdfe-4396-95ab-a8f65fb06b55, {\"level\":\"warning\",\"message\":\"json_decode(): Passing null to parameter #1 ($json) of type string is deprecated in \\/var\\/www\\/juzaweb\\/cms\\/modules\\/Backend\\/Helpers\\/helpers.php on line 279\",\"context\":[],\"hostname\":\"juzaweb\"}, 2022-12-17 11:35:54, ?, log, 980072eb-a715-4b3f-9fde-8ea4447a0d8a), (980072eb-fdfe-4396-95ab-a8f65fb06b55, {\"command\":\"juzacms:plugin-autoload\",\"exit_code\":0,\"arguments\":{\"command\":\"juzacms:plugin-autoload\"},\"options\":{\"help\":false,\"quiet\":false,\"verbose\":false,\"version\":false,\"ansi\":null,\"no-interaction\":false,\"env\":null},\"hostname\":\"juzaweb\"}, 2022-12-17 11:35:54, ?, command, 980072eb-fc2a-4883-bed8-98e9c747f22f)) at /var/www/juzaweb/cms/vendor/laravel/framework/src/Illuminate/Database/Connection.php:742)
[stacktrace]
#0 /var/www/juzaweb/cms/vendor/laravel/framework/src/Illuminate/Database/Connection.php(702): Illuminate\\Database\\Connection->runQueryCallback()
#1 /var/www/juzaweb/cms/vendor/laravel/framework/src/Illuminate/Database/Connection.php(528): Illuminate\\Database\\Connection->run()
#2 /var/www/juzaweb/cms/vendor/laravel/framework/src/Illuminate/Database/Connection.php(480): Illuminate\\Database\\Connection->statement()
#3 /var/www/juzaweb/cms/vendor/laravel/framework/src/Illuminate/Database/Query/Builder.php(3196): Illuminate\\Database\\Connection->insert()
#4 /var/www/juzaweb/cms/vendor/laravel/telescope/src/Storage/DatabaseEntriesRepository.php(148): Illuminate\\Database\\Query\\Builder->insert()
#5 /var/www/juzaweb/cms/vendor/laravel/framework/src/Illuminate/Collections/Traits/EnumeratesValues.php(263): Laravel\\Telescope\\Storage\\DatabaseEntriesRepository->Laravel\\Telescope\\Storage\\{closure}()
#6 /var/www/juzaweb/cms/vendor/laravel/telescope/src/Storage/DatabaseEntriesRepository.php(149): Illuminate\\Support\\Collection->each()
#7 /var/www/juzaweb/cms/vendor/laravel/telescope/src/Telescope.php(663): Laravel\\Telescope\\Storage\\DatabaseEntriesRepository->store()
#8 [internal function]: Laravel\\Telescope\\Telescope::Laravel\\Telescope\\{closure}()
#9 /var/www/juzaweb/cms/vendor/laravel/telescope/src/Telescope.php(284): call_user_func()
#10 /var/www/juzaweb/cms/vendor/laravel/telescope/src/Telescope.php(674): Laravel\\Telescope\\Telescope::withoutRecording()
#11 /var/www/juzaweb/cms/vendor/laravel/telescope/src/ListensForStorageOpportunities.php(65): Laravel\\Telescope\\Telescope::store()
#12 /var/www/juzaweb/cms/vendor/laravel/framework/src/Illuminate/Container/BoundMethod.php(36): Laravel\\Telescope\\Telescope::Laravel\\Telescope\\{closure}()
#13 /var/www/juzaweb/cms/vendor/laravel/framework/src/Illuminate/Container/Util.php(41): Illuminate\\Container\\BoundMethod::Illuminate\\Container\\{closure}()
#14 /var/www/juzaweb/cms/vendor/laravel/framework/src/Illuminate/Container/BoundMethod.php(81): Illuminate\\Container\\Util::unwrapIfClosure()
#15 /var/www/juzaweb/cms/vendor/laravel/framework/src/Illuminate/Container/BoundMethod.php(37): Illuminate\\Container\\BoundMethod::callBoundMethod()
#16 /var/www/juzaweb/cms/vendor/laravel/framework/src/Illuminate/Container/Container.php(651): Illuminate\\Container\\BoundMethod::call()
#17 /var/www/juzaweb/cms/vendor/laravel/framework/src/Illuminate/Foundation/Application.php(1172): Illuminate\\Container\\Container->call()
#18 /var/www/juzaweb/cms/vendor/laravel/framework/src/Illuminate/Foundation/Console/Kernel.php(148): Illuminate\\Foundation\\Application->terminate()
#19 /var/www/juzaweb/cms/artisan(51): Illuminate\\Foundation\\Console\\Kernel->terminate()
#20 {main}

[previous exception] [object] (PDOException(code: 1045): SQLSTATE[HY000] [1045] Access denied for user 'root'@'localhost' (using password: NO) at /var/www/juzaweb/cms/vendor/laravel/framework/src/Illuminate/Database/Connectors/Connector.php:70)
[stacktrace]
#0 /var/www/juzaweb/cms/vendor/laravel/framework/src/Illuminate/Database/Connectors/Connector.php(70): PDO->__construct()
#1 /var/www/juzaweb/cms/vendor/laravel/framework/src/Illuminate/Database/Connectors/Connector.php(46): Illuminate\\Database\\Connectors\\Connector->createPdoConnection()
#2 /var/www/juzaweb/cms/vendor/laravel/framework/src/Illuminate/Database/Connectors/MySqlConnector.php(24): Illuminate\\Database\\Connectors\\Connector->createConnection()
#3 /var/www/juzaweb/cms/vendor/laravel/framework/src/Illuminate/Database/Connectors/ConnectionFactory.php(184): Illuminate\\Database\\Connectors\\MySqlConnector->connect()
#4 [internal function]: Illuminate\\Database\\Connectors\\ConnectionFactory->Illuminate\\Database\\Connectors\\{closure}()
#5 /var/www/juzaweb/cms/vendor/laravel/framework/src/Illuminate/Database/Connection.php(1084): call_user_func()
#6 /var/www/juzaweb/cms/vendor/laravel/framework/src/Illuminate/Database/Connection.php(521): Illuminate\\Database\\Connection->getPdo()
#7 /var/www/juzaweb/cms/vendor/laravel/framework/src/Illuminate/Database/Connection.php(735): Illuminate\\Database\\Connection->Illuminate\\Database\\{closure}()
#8 /var/www/juzaweb/cms/vendor/laravel/framework/src/Illuminate/Database/Connection.php(702): Illuminate\\Database\\Connection->runQueryCallback()
#9 /var/www/juzaweb/cms/vendor/laravel/framework/src/Illuminate/Database/Connection.php(528): Illuminate\\Database\\Connection->run()
#10 /var/www/juzaweb/cms/vendor/laravel/framework/src/Illuminate/Database/Connection.php(480): Illuminate\\Database\\Connection->statement()
#11 /var/www/juzaweb/cms/vendor/laravel/framework/src/Illuminate/Database/Query/Builder.php(3196): Illuminate\\Database\\Connection->insert()
#12 /var/www/juzaweb/cms/vendor/laravel/telescope/src/Storage/DatabaseEntriesRepository.php(148): Illuminate\\Database\\Query\\Builder->insert()
#13 /var/www/juzaweb/cms/vendor/laravel/framework/src/Illuminate/Collections/Traits/EnumeratesValues.php(263): Laravel\\Telescope\\Storage\\DatabaseEntriesRepository->Laravel\\Telescope\\Storage\\{closure}()
#14 /var/www/juzaweb/cms/vendor/laravel/telescope/src/Storage/DatabaseEntriesRepository.php(149): Illuminate\\Support\\Collection->each()
#15 /var/www/juzaweb/cms/vendor/laravel/telescope/src/Telescope.php(663): Laravel\\Telescope\\Storage\\DatabaseEntriesRepository->store()
#16 [internal function]: Laravel\\Telescope\\Telescope::Laravel\\Telescope\\{closure}()
#17 /var/www/juzaweb/cms/vendor/laravel/telescope/src/Telescope.php(284): call_user_func()
#18 /var/www/juzaweb/cms/vendor/laravel/telescope/src/Telescope.php(674): Laravel\\Telescope\\Telescope::withoutRecording()
#19 /var/www/juzaweb/cms/vendor/laravel/telescope/src/ListensForStorageOpportunities.php(65): Laravel\\Telescope\\Telescope::store()
#20 /var/www/juzaweb/cms/vendor/laravel/framework/src/Illuminate/Container/BoundMethod.php(36): Laravel\\Telescope\\Telescope::Laravel\\Telescope\\{closure}()
#21 /var/www/juzaweb/cms/vendor/laravel/framework/src/Illuminate/Container/Util.php(41): Illuminate\\Container\\BoundMethod::Illuminate\\Container\\{closure}()
#22 /var/www/juzaweb/cms/vendor/laravel/framework/src/Illuminate/Container/BoundMethod.php(81): Illuminate\\Container\\Util::unwrapIfClosure()
#23 /var/www/juzaweb/cms/vendor/laravel/framework/src/Illuminate/Container/BoundMethod.php(37): Illuminate\\Container\\BoundMethod::callBoundMethod()
#24 /var/www/juzaweb/cms/vendor/laravel/framework/src/Illuminate/Container/Container.php(651): Illuminate\\Container\\BoundMethod::call()
#25 /var/www/juzaweb/cms/vendor/laravel/framework/src/Illuminate/Foundation/Application.php(1172): Illuminate\\Container\\Container->call()
#26 /var/www/juzaweb/cms/vendor/laravel/framework/src/Illuminate/Foundation/Console/Kernel.php(148): Illuminate\\Foundation\\Application->terminate()
#27 /var/www/juzaweb/cms/artisan(51): Illuminate\\Foundation\\Console\\Kernel->terminate()
#28 {main}
"} {"user":"guest","ip":"127.0.0.1","url":"http://localhost"}
