[2023-02-16 11:21:43] production.ERROR: SQLSTATE[HY000] [1045] Access denied for user 'root'@'localhost' (using password: NO) (SQL: insert into `telescope_entries` (`batch_id`, `content`, `created_at`, `family_hash`, `type`, `uuid`) values (987b23e0-a7f2-489d-95bd-c320b8dfbdc8, {"level":"warning","message":"json_decode(): Passing null to parameter #1 ($json) of type string is deprecated in \/var\/www\/juzaweb\/cms\/modules\/Backend\/Helpers\/helpers.php on line 275","context":[],"hostname":"juzaweb"}, 2023-02-16 11:21:42, ?, log, 987b23df-fea7-4b3c-be9a-255b503960b9), (987b23e0-a7f2-489d-95bd-c320b8dfbdc8, {"level":"warning","message":"json_decode(): Passing null to parameter #1 ($json) of type string is deprecated in \/var\/www\/juzaweb\/cms\/modules\/Backend\/Helpers\/helpers.php on line 275","context":[],"hostname":"juzaweb"}, 2023-02-16 11:21:42, ?, log, 987b23e0-308c-46ac-9277-bb3a387c41ca), (987b23e0-a7f2-489d-95bd-c320b8dfbdc8, {"level":"warning","message":"json_decode(): Passing null to parameter #1 ($json) of type string is deprecated in \/var\/www\/juzaweb\/cms\/modules\/Backend\/Helpers\/helpers.php on line 275","context":[],"hostname":"juzaweb"}, 2023-02-16 11:21:42, ?, log, 987b23e0-3106-4a07-a8c4-79a7ad189a02), (987b23e0-a7f2-489d-95bd-c320b8dfbdc8, {"command":"juzacms:plugin-autoload","exit_code":0,"arguments":{"command":"juzacms:plugin-autoload"},"options":{"help":false,"quiet":false,"verbose":false,"version":false,"ansi":null,"no-interaction":false,"env":null},"hostname":"juzaweb"}, 2023-02-16 11:21:43, ?, command, 987b23e0-a68d-4004-b22a-4b7d20becf3b)) {"exception":"[object] (Illuminate\\Database\\QueryException(code: 1045): SQLSTATE[HY000] [1045] Access denied for user 'root'@'localhost' (using password: NO) (SQL: insert into `telescope_entries` (`batch_id`, `content`, `created_at`, `family_hash`, `type`, `uuid`) values (987b23e0-a7f2-489d-95bd-c320b8dfbdc8, {\"level\":\"warning\",\"message\":\"json_decode(): Passing null to parameter #1 ($json) of type string is deprecated in \\/var\\/www\\/juzaweb\\/cms\\/modules\\/Backend\\/Helpers\\/helpers.php on line 275\",\"context\":[],\"hostname\":\"juzaweb\"}, 2023-02-16 11:21:42, ?, log, 987b23df-fea7-4b3c-be9a-255b503960b9), (987b23e0-a7f2-489d-95bd-c320b8dfbdc8, {\"level\":\"warning\",\"message\":\"json_decode(): Passing null to parameter #1 ($json) of type string is deprecated in \\/var\\/www\\/juzaweb\\/cms\\/modules\\/Backend\\/Helpers\\/helpers.php on line 275\",\"context\":[],\"hostname\":\"juzaweb\"}, 2023-02-16 11:21:42, ?, log, 987b23e0-308c-46ac-9277-bb3a387c41ca), (987b23e0-a7f2-489d-95bd-c320b8dfbdc8, {\"level\":\"warning\",\"message\":\"json_decode(): Passing null to parameter #1 ($json) of type string is deprecated in \\/var\\/www\\/juzaweb\\/cms\\/modules\\/Backend\\/Helpers\\/helpers.php on line 275\",\"context\":[],\"hostname\":\"juzaweb\"}, 2023-02-16 11:21:42, ?, log, 987b23e0-3106-4a07-a8c4-79a7ad189a02), (987b23e0-a7f2-489d-95bd-c320b8dfbdc8, {\"command\":\"juzacms:plugin-autoload\",\"exit_code\":0,\"arguments\":{\"command\":\"juzacms:plugin-autoload\"},\"options\":{\"help\":false,\"quiet\":false,\"verbose\":false,\"version\":false,\"ansi\":null,\"no-interaction\":false,\"env\":null},\"hostname\":\"juzaweb\"}, 2023-02-16 11:21:43, ?, command, 987b23e0-a68d-4004-b22a-4b7d20becf3b)) at /var/www/juzaweb/cms/vendor/laravel/framework/src/Illuminate/Database/Connection.php:742)
[stacktrace]
#0 /var/www/juzaweb/cms/vendor/laravel/framework/src/Illuminate/Database/Connection.php(702): Illuminate\\Database\\Connection->runQueryCallback()
#1 /var/www/juzaweb/cms/vendor/laravel/framework/src/Illuminate/Database/Connection.php(528): Illuminate\\Database\\Connection->run()
#2 /var/www/juzaweb/cms/vendor/laravel/framework/src/Illuminate/Database/Connection.php(480): Illuminate\\Database\\Connection->statement()
#3 /var/www/juzaweb/cms/vendor/laravel/framework/src/Illuminate/Database/Query/Builder.php(3196): Illuminate\\Database\\Connection->insert()
#4 /var/www/juzaweb/cms/vendor/laravel/telescope/src/Storage/DatabaseEntriesRepository.php(148): Illuminate\\Database\\Query\\Builder->insert()
#5 /var/www/juzaweb/cms/vendor/laravel/framework/src/Illuminate/Collections/Traits/EnumeratesValues.php(263): Laravel\\Telescope\\Storage\\DatabaseEntriesRepository->Laravel\\Telescope\\Storage\\{closure}()
#6 /var/www/juzaweb/cms/vendor/laravel/telescope/src/Storage/DatabaseEntriesRepository.php(149): Illuminate\\Support\\Collection->each()
#7 /var/www/juzaweb/cms/vendor/laravel/telescope/src/Telescope.php(663): Laravel\\Telescope\\Storage\\DatabaseEntriesRepository->store()
#8 [internal function]: Laravel\\Telescope\\Telescope::Laravel\\Telescope\\{closure}()
#9 /var/www/juzaweb/cms/vendor/laravel/telescope/src/Telescope.php(284): call_user_func()
#10 /var/www/juzaweb/cms/vendor/laravel/telescope/src/Telescope.php(674): Laravel\\Telescope\\Telescope::withoutRecording()
#11 /var/www/juzaweb/cms/vendor/laravel/telescope/src/ListensForStorageOpportunities.php(65): Laravel\\Telescope\\Telescope::store()
#12 /var/www/juzaweb/cms/vendor/laravel/framework/src/Illuminate/Container/BoundMethod.php(36): Laravel\\Telescope\\Telescope::Laravel\\Telescope\\{closure}()
#13 /var/www/juzaweb/cms/vendor/laravel/framework/src/Illuminate/Container/Util.php(41): Illuminate\\Container\\BoundMethod::Illuminate\\Container\\{closure}()
#14 /var/www/juzaweb/cms/vendor/laravel/framework/src/Illuminate/Container/BoundMethod.php(81): Illuminate\\Container\\Util::unwrapIfClosure()
#15 /var/www/juzaweb/cms/vendor/laravel/framework/src/Illuminate/Container/BoundMethod.php(37): Illuminate\\Container\\BoundMethod::callBoundMethod()
#16 /var/www/juzaweb/cms/vendor/laravel/framework/src/Illuminate/Container/Container.php(651): Illuminate\\Container\\BoundMethod::call()
#17 /var/www/juzaweb/cms/vendor/laravel/framework/src/Illuminate/Foundation/Application.php(1172): Illuminate\\Container\\Container->call()
#18 /var/www/juzaweb/cms/vendor/laravel/framework/src/Illuminate/Foundation/Console/Kernel.php(148): Illuminate\\Foundation\\Application->terminate()
#19 /var/www/juzaweb/cms/artisan(51): Illuminate\\Foundation\\Console\\Kernel->terminate()
#20 {main}

[previous exception] [object] (PDOException(code: 1045): SQLSTATE[HY000] [1045] Access denied for user 'root'@'localhost' (using password: NO) at /var/www/juzaweb/cms/vendor/laravel/framework/src/Illuminate/Database/Connectors/Connector.php:70)
[stacktrace]
#0 /var/www/juzaweb/cms/vendor/laravel/framework/src/Illuminate/Database/Connectors/Connector.php(70): PDO->__construct()
#1 /var/www/juzaweb/cms/vendor/laravel/framework/src/Illuminate/Database/Connectors/Connector.php(46): Illuminate\\Database\\Connectors\\Connector->createPdoConnection()
#2 /var/www/juzaweb/cms/vendor/laravel/framework/src/Illuminate/Database/Connectors/MySqlConnector.php(24): Illuminate\\Database\\Connectors\\Connector->createConnection()
#3 /var/www/juzaweb/cms/vendor/laravel/framework/src/Illuminate/Database/Connectors/ConnectionFactory.php(184): Illuminate\\Database\\Connectors\\MySqlConnector->connect()
#4 [internal function]: Illuminate\\Database\\Connectors\\ConnectionFactory->Illuminate\\Database\\Connectors\\{closure}()
#5 /var/www/juzaweb/cms/vendor/laravel/framework/src/Illuminate/Database/Connection.php(1084): call_user_func()
#6 /var/www/juzaweb/cms/vendor/laravel/framework/src/Illuminate/Database/Connection.php(521): Illuminate\\Database\\Connection->getPdo()
#7 /var/www/juzaweb/cms/vendor/laravel/framework/src/Illuminate/Database/Connection.php(735): Illuminate\\Database\\Connection->Illuminate\\Database\\{closure}()
#8 /var/www/juzaweb/cms/vendor/laravel/framework/src/Illuminate/Database/Connection.php(702): Illuminate\\Database\\Connection->runQueryCallback()
#9 /var/www/juzaweb/cms/vendor/laravel/framework/src/Illuminate/Database/Connection.php(528): Illuminate\\Database\\Connection->run()
#10 /var/www/juzaweb/cms/vendor/laravel/framework/src/Illuminate/Database/Connection.php(480): Illuminate\\Database\\Connection->statement()
#11 /var/www/juzaweb/cms/vendor/laravel/framework/src/Illuminate/Database/Query/Builder.php(3196): Illuminate\\Database\\Connection->insert()
#12 /var/www/juzaweb/cms/vendor/laravel/telescope/src/Storage/DatabaseEntriesRepository.php(148): Illuminate\\Database\\Query\\Builder->insert()
#13 /var/www/juzaweb/cms/vendor/laravel/framework/src/Illuminate/Collections/Traits/EnumeratesValues.php(263): Laravel\\Telescope\\Storage\\DatabaseEntriesRepository->Laravel\\Telescope\\Storage\\{closure}()
#14 /var/www/juzaweb/cms/vendor/laravel/telescope/src/Storage/DatabaseEntriesRepository.php(149): Illuminate\\Support\\Collection->each()
#15 /var/www/juzaweb/cms/vendor/laravel/telescope/src/Telescope.php(663): Laravel\\Telescope\\Storage\\DatabaseEntriesRepository->store()
#16 [internal function]: Laravel\\Telescope\\Telescope::Laravel\\Telescope\\{closure}()
#17 /var/www/juzaweb/cms/vendor/laravel/telescope/src/Telescope.php(284): call_user_func()
#18 /var/www/juzaweb/cms/vendor/laravel/telescope/src/Telescope.php(674): Laravel\\Telescope\\Telescope::withoutRecording()
#19 /var/www/juzaweb/cms/vendor/laravel/telescope/src/ListensForStorageOpportunities.php(65): Laravel\\Telescope\\Telescope::store()
#20 /var/www/juzaweb/cms/vendor/laravel/framework/src/Illuminate/Container/BoundMethod.php(36): Laravel\\Telescope\\Telescope::Laravel\\Telescope\\{closure}()
#21 /var/www/juzaweb/cms/vendor/laravel/framework/src/Illuminate/Container/Util.php(41): Illuminate\\Container\\BoundMethod::Illuminate\\Container\\{closure}()
#22 /var/www/juzaweb/cms/vendor/laravel/framework/src/Illuminate/Container/BoundMethod.php(81): Illuminate\\Container\\Util::unwrapIfClosure()
#23 /var/www/juzaweb/cms/vendor/laravel/framework/src/Illuminate/Container/BoundMethod.php(37): Illuminate\\Container\\BoundMethod::callBoundMethod()
#24 /var/www/juzaweb/cms/vendor/laravel/framework/src/Illuminate/Container/Container.php(651): Illuminate\\Container\\BoundMethod::call()
#25 /var/www/juzaweb/cms/vendor/laravel/framework/src/Illuminate/Foundation/Application.php(1172): Illuminate\\Container\\Container->call()
#26 /var/www/juzaweb/cms/vendor/laravel/framework/src/Illuminate/Foundation/Console/Kernel.php(148): Illuminate\\Foundation\\Application->terminate()
#27 /var/www/juzaweb/cms/artisan(51): Illuminate\\Foundation\\Console\\Kernel->terminate()
#28 {main}
"} {"user":"guest","ip":"127.0.0.1","url":"http://localhost"}
[2023-02-16 11:21:49] production.ERROR: SQLSTATE[HY000] [1045] Access denied for user 'root'@'localhost' (using password: NO) (SQL: insert into `telescope_entries` (`batch_id`, `content`, `created_at`, `family_hash`, `type`, `uuid`) values (987b23ea-7086-429e-beb7-734048a4c0bb, {"level":"warning","message":"json_decode(): Passing null to parameter #1 ($json) of type string is deprecated in \/var\/www\/juzaweb\/cms\/modules\/Backend\/Helpers\/helpers.php on line 275","context":[],"hostname":"juzaweb"}, 2023-02-16 11:21:49, ?, log, 987b23ea-0566-4d73-9667-9b6a7fd66c72), (987b23ea-7086-429e-beb7-734048a4c0bb, {"level":"warning","message":"json_decode(): Passing null to parameter #1 ($json) of type string is deprecated in \/var\/www\/juzaweb\/cms\/modules\/Backend\/Helpers\/helpers.php on line 275","context":[],"hostname":"juzaweb"}, 2023-02-16 11:21:49, ?, log, 987b23ea-2164-4df3-b095-f824fa86d8ab), (987b23ea-7086-429e-beb7-734048a4c0bb, {"level":"warning","message":"json_decode(): Passing null to parameter #1 ($json) of type string is deprecated in \/var\/www\/juzaweb\/cms\/modules\/Backend\/Helpers\/helpers.php on line 275","context":[],"hostname":"juzaweb"}, 2023-02-16 11:21:49, ?, log, 987b23ea-21b1-4d40-aa7b-910772455840), (987b23ea-7086-429e-beb7-734048a4c0bb, {"command":"juzacms:plugin-autoload","exit_code":0,"arguments":{"command":"juzacms:plugin-autoload"},"options":{"help":false,"quiet":false,"verbose":false,"version":false,"ansi":null,"no-interaction":false,"env":null},"hostname":"juzaweb"}, 2023-02-16 11:21:49, ?, command, 987b23ea-6eaf-49a8-92e8-0d3469b1a2c2)) {"exception":"[object] (Illuminate\\Database\\QueryException(code: 1045): SQLSTATE[HY000] [1045] Access denied for user 'root'@'localhost' (using password: NO) (SQL: insert into `telescope_entries` (`batch_id`, `content`, `created_at`, `family_hash`, `type`, `uuid`) values (987b23ea-7086-429e-beb7-734048a4c0bb, {\"level\":\"warning\",\"message\":\"json_decode(): Passing null to parameter #1 ($json) of type string is deprecated in \\/var\\/www\\/juzaweb\\/cms\\/modules\\/Backend\\/Helpers\\/helpers.php on line 275\",\"context\":[],\"hostname\":\"juzaweb\"}, 2023-02-16 11:21:49, ?, log, 987b23ea-0566-4d73-9667-9b6a7fd66c72), (987b23ea-7086-429e-beb7-734048a4c0bb, {\"level\":\"warning\",\"message\":\"json_decode(): Passing null to parameter #1 ($json) of type string is deprecated in \\/var\\/www\\/juzaweb\\/cms\\/modules\\/Backend\\/Helpers\\/helpers.php on line 275\",\"context\":[],\"hostname\":\"juzaweb\"}, 2023-02-16 11:21:49, ?, log, 987b23ea-2164-4df3-b095-f824fa86d8ab), (987b23ea-7086-429e-beb7-734048a4c0bb, {\"level\":\"warning\",\"message\":\"json_decode(): Passing null to parameter #1 ($json) of type string is deprecated in \\/var\\/www\\/juzaweb\\/cms\\/modules\\/Backend\\/Helpers\\/helpers.php on line 275\",\"context\":[],\"hostname\":\"juzaweb\"}, 2023-02-16 11:21:49, ?, log, 987b23ea-21b1-4d40-aa7b-910772455840), (987b23ea-7086-429e-beb7-734048a4c0bb, {\"command\":\"juzacms:plugin-autoload\",\"exit_code\":0,\"arguments\":{\"command\":\"juzacms:plugin-autoload\"},\"options\":{\"help\":false,\"quiet\":false,\"verbose\":false,\"version\":false,\"ansi\":null,\"no-interaction\":false,\"env\":null},\"hostname\":\"juzaweb\"}, 2023-02-16 11:21:49, ?, command, 987b23ea-6eaf-49a8-92e8-0d3469b1a2c2)) at /var/www/juzaweb/cms/vendor/laravel/framework/src/Illuminate/Database/Connection.php:742)
[stacktrace]
#0 /var/www/juzaweb/cms/vendor/laravel/framework/src/Illuminate/Database/Connection.php(702): Illuminate\\Database\\Connection->runQueryCallback()
#1 /var/www/juzaweb/cms/vendor/laravel/framework/src/Illuminate/Database/Connection.php(528): Illuminate\\Database\\Connection->run()
#2 /var/www/juzaweb/cms/vendor/laravel/framework/src/Illuminate/Database/Connection.php(480): Illuminate\\Database\\Connection->statement()
#3 /var/www/juzaweb/cms/vendor/laravel/framework/src/Illuminate/Database/Query/Builder.php(3196): Illuminate\\Database\\Connection->insert()
#4 /var/www/juzaweb/cms/vendor/laravel/telescope/src/Storage/DatabaseEntriesRepository.php(148): Illuminate\\Database\\Query\\Builder->insert()
#5 /var/www/juzaweb/cms/vendor/laravel/framework/src/Illuminate/Collections/Traits/EnumeratesValues.php(263): Laravel\\Telescope\\Storage\\DatabaseEntriesRepository->Laravel\\Telescope\\Storage\\{closure}()
#6 /var/www/juzaweb/cms/vendor/laravel/telescope/src/Storage/DatabaseEntriesRepository.php(149): Illuminate\\Support\\Collection->each()
#7 /var/www/juzaweb/cms/vendor/laravel/telescope/src/Telescope.php(663): Laravel\\Telescope\\Storage\\DatabaseEntriesRepository->store()
#8 [internal function]: Laravel\\Telescope\\Telescope::Laravel\\Telescope\\{closure}()
#9 /var/www/juzaweb/cms/vendor/laravel/telescope/src/Telescope.php(284): call_user_func()
#10 /var/www/juzaweb/cms/vendor/laravel/telescope/src/Telescope.php(674): Laravel\\Telescope\\Telescope::withoutRecording()
#11 /var/www/juzaweb/cms/vendor/laravel/telescope/src/ListensForStorageOpportunities.php(65): Laravel\\Telescope\\Telescope::store()
#12 /var/www/juzaweb/cms/vendor/laravel/framework/src/Illuminate/Container/BoundMethod.php(36): Laravel\\Telescope\\Telescope::Laravel\\Telescope\\{closure}()
#13 /var/www/juzaweb/cms/vendor/laravel/framework/src/Illuminate/Container/Util.php(41): Illuminate\\Container\\BoundMethod::Illuminate\\Container\\{closure}()
#14 /var/www/juzaweb/cms/vendor/laravel/framework/src/Illuminate/Container/BoundMethod.php(81): Illuminate\\Container\\Util::unwrapIfClosure()
#15 /var/www/juzaweb/cms/vendor/laravel/framework/src/Illuminate/Container/BoundMethod.php(37): Illuminate\\Container\\BoundMethod::callBoundMethod()
#16 /var/www/juzaweb/cms/vendor/laravel/framework/src/Illuminate/Container/Container.php(651): Illuminate\\Container\\BoundMethod::call()
#17 /var/www/juzaweb/cms/vendor/laravel/framework/src/Illuminate/Foundation/Application.php(1172): Illuminate\\Container\\Container->call()
#18 /var/www/juzaweb/cms/vendor/laravel/framework/src/Illuminate/Foundation/Console/Kernel.php(148): Illuminate\\Foundation\\Application->terminate()
#19 /var/www/juzaweb/cms/artisan(51): Illuminate\\Foundation\\Console\\Kernel->terminate()
#20 {main}

[previous exception] [object] (PDOException(code: 1045): SQLSTATE[HY000] [1045] Access denied for user 'root'@'localhost' (using password: NO) at /var/www/juzaweb/cms/vendor/laravel/framework/src/Illuminate/Database/Connectors/Connector.php:70)
[stacktrace]
#0 /var/www/juzaweb/cms/vendor/laravel/framework/src/Illuminate/Database/Connectors/Connector.php(70): PDO->__construct()
#1 /var/www/juzaweb/cms/vendor/laravel/framework/src/Illuminate/Database/Connectors/Connector.php(46): Illuminate\\Database\\Connectors\\Connector->createPdoConnection()
#2 /var/www/juzaweb/cms/vendor/laravel/framework/src/Illuminate/Database/Connectors/MySqlConnector.php(24): Illuminate\\Database\\Connectors\\Connector->createConnection()
#3 /var/www/juzaweb/cms/vendor/laravel/framework/src/Illuminate/Database/Connectors/ConnectionFactory.php(184): Illuminate\\Database\\Connectors\\MySqlConnector->connect()
#4 [internal function]: Illuminate\\Database\\Connectors\\ConnectionFactory->Illuminate\\Database\\Connectors\\{closure}()
#5 /var/www/juzaweb/cms/vendor/laravel/framework/src/Illuminate/Database/Connection.php(1084): call_user_func()
#6 /var/www/juzaweb/cms/vendor/laravel/framework/src/Illuminate/Database/Connection.php(521): Illuminate\\Database\\Connection->getPdo()
#7 /var/www/juzaweb/cms/vendor/laravel/framework/src/Illuminate/Database/Connection.php(735): Illuminate\\Database\\Connection->Illuminate\\Database\\{closure}()
#8 /var/www/juzaweb/cms/vendor/laravel/framework/src/Illuminate/Database/Connection.php(702): Illuminate\\Database\\Connection->runQueryCallback()
#9 /var/www/juzaweb/cms/vendor/laravel/framework/src/Illuminate/Database/Connection.php(528): Illuminate\\Database\\Connection->run()
#10 /var/www/juzaweb/cms/vendor/laravel/framework/src/Illuminate/Database/Connection.php(480): Illuminate\\Database\\Connection->statement()
#11 /var/www/juzaweb/cms/vendor/laravel/framework/src/Illuminate/Database/Query/Builder.php(3196): Illuminate\\Database\\Connection->insert()
#12 /var/www/juzaweb/cms/vendor/laravel/telescope/src/Storage/DatabaseEntriesRepository.php(148): Illuminate\\Database\\Query\\Builder->insert()
#13 /var/www/juzaweb/cms/vendor/laravel/framework/src/Illuminate/Collections/Traits/EnumeratesValues.php(263): Laravel\\Telescope\\Storage\\DatabaseEntriesRepository->Laravel\\Telescope\\Storage\\{closure}()
#14 /var/www/juzaweb/cms/vendor/laravel/telescope/src/Storage/DatabaseEntriesRepository.php(149): Illuminate\\Support\\Collection->each()
#15 /var/www/juzaweb/cms/vendor/laravel/telescope/src/Telescope.php(663): Laravel\\Telescope\\Storage\\DatabaseEntriesRepository->store()
#16 [internal function]: Laravel\\Telescope\\Telescope::Laravel\\Telescope\\{closure}()
#17 /var/www/juzaweb/cms/vendor/laravel/telescope/src/Telescope.php(284): call_user_func()
#18 /var/www/juzaweb/cms/vendor/laravel/telescope/src/Telescope.php(674): Laravel\\Telescope\\Telescope::withoutRecording()
#19 /var/www/juzaweb/cms/vendor/laravel/telescope/src/ListensForStorageOpportunities.php(65): Laravel\\Telescope\\Telescope::store()
#20 /var/www/juzaweb/cms/vendor/laravel/framework/src/Illuminate/Container/BoundMethod.php(36): Laravel\\Telescope\\Telescope::Laravel\\Telescope\\{closure}()
#21 /var/www/juzaweb/cms/vendor/laravel/framework/src/Illuminate/Container/Util.php(41): Illuminate\\Container\\BoundMethod::Illuminate\\Container\\{closure}()
#22 /var/www/juzaweb/cms/vendor/laravel/framework/src/Illuminate/Container/BoundMethod.php(81): Illuminate\\Container\\Util::unwrapIfClosure()
#23 /var/www/juzaweb/cms/vendor/laravel/framework/src/Illuminate/Container/BoundMethod.php(37): Illuminate\\Container\\BoundMethod::callBoundMethod()
#24 /var/www/juzaweb/cms/vendor/laravel/framework/src/Illuminate/Container/Container.php(651): Illuminate\\Container\\BoundMethod::call()
#25 /var/www/juzaweb/cms/vendor/laravel/framework/src/Illuminate/Foundation/Application.php(1172): Illuminate\\Container\\Container->call()
#26 /var/www/juzaweb/cms/vendor/laravel/framework/src/Illuminate/Foundation/Console/Kernel.php(148): Illuminate\\Foundation\\Application->terminate()
#27 /var/www/juzaweb/cms/artisan(51): Illuminate\\Foundation\\Console\\Kernel->terminate()
#28 {main}
"} {"user":"guest","ip":"127.0.0.1","url":"http://localhost"}
[2023-02-16 11:35:08] production.ERROR: SQLSTATE[HY000] [1045] Access denied for user 'root'@'localhost' (using password: NO) (SQL: insert into `telescope_entries` (`batch_id`, `content`, `created_at`, `family_hash`, `type`, `uuid`) values (987b28ad-c15e-489c-bef0-57be0dffc89e, {"level":"warning","message":"json_decode(): Passing null to parameter #1 ($json) of type string is deprecated in \/var\/www\/juzaweb\/cms\/modules\/Backend\/Helpers\/helpers.php on line 275","context":[],"hostname":"juzaweb"}, 2023-02-16 11:35:08, ?, log, 987b28ad-2028-4eed-b27e-53cdeb737af0), (987b28ad-c15e-489c-bef0-57be0dffc89e, {"level":"warning","message":"json_decode(): Passing null to parameter #1 ($json) of type string is deprecated in \/var\/www\/juzaweb\/cms\/modules\/Backend\/Helpers\/helpers.php on line 275","context":[],"hostname":"juzaweb"}, 2023-02-16 11:35:08, ?, log, 987b28ad-54a2-42de-94a9-2c39becc6085), (987b28ad-c15e-489c-bef0-57be0dffc89e, {"level":"warning","message":"json_decode(): Passing null to parameter #1 ($json) of type string is deprecated in \/var\/www\/juzaweb\/cms\/modules\/Backend\/Helpers\/helpers.php on line 275","context":[],"hostname":"juzaweb"}, 2023-02-16 11:35:08, ?, log, 987b28ad-54f9-4f03-9de2-e8c2f0233019), (987b28ad-c15e-489c-bef0-57be0dffc89e, {"command":"juzacms:plugin-autoload","exit_code":0,"arguments":{"command":"juzacms:plugin-autoload"},"options":{"help":false,"quiet":false,"verbose":false,"version":false,"ansi":null,"no-interaction":false,"env":null},"hostname":"juzaweb"}, 2023-02-16 11:35:08, ?, command, 987b28ad-c004-492b-964c-251b57178ad3)) {"exception":"[object] (Illuminate\\Database\\QueryException(code: 1045): SQLSTATE[HY000] [1045] Access denied for user 'root'@'localhost' (using password: NO) (SQL: insert into `telescope_entries` (`batch_id`, `content`, `created_at`, `family_hash`, `type`, `uuid`) values (987b28ad-c15e-489c-bef0-57be0dffc89e, {\"level\":\"warning\",\"message\":\"json_decode(): Passing null to parameter #1 ($json) of type string is deprecated in \\/var\\/www\\/juzaweb\\/cms\\/modules\\/Backend\\/Helpers\\/helpers.php on line 275\",\"context\":[],\"hostname\":\"juzaweb\"}, 2023-02-16 11:35:08, ?, log, 987b28ad-2028-4eed-b27e-53cdeb737af0), (987b28ad-c15e-489c-bef0-57be0dffc89e, {\"level\":\"warning\",\"message\":\"json_decode(): Passing null to parameter #1 ($json) of type string is deprecated in \\/var\\/www\\/juzaweb\\/cms\\/modules\\/Backend\\/Helpers\\/helpers.php on line 275\",\"context\":[],\"hostname\":\"juzaweb\"}, 2023-02-16 11:35:08, ?, log, 987b28ad-54a2-42de-94a9-2c39becc6085), (987b28ad-c15e-489c-bef0-57be0dffc89e, {\"level\":\"warning\",\"message\":\"json_decode(): Passing null to parameter #1 ($json) of type string is deprecated in \\/var\\/www\\/juzaweb\\/cms\\/modules\\/Backend\\/Helpers\\/helpers.php on line 275\",\"context\":[],\"hostname\":\"juzaweb\"}, 2023-02-16 11:35:08, ?, log, 987b28ad-54f9-4f03-9de2-e8c2f0233019), (987b28ad-c15e-489c-bef0-57be0dffc89e, {\"command\":\"juzacms:plugin-autoload\",\"exit_code\":0,\"arguments\":{\"command\":\"juzacms:plugin-autoload\"},\"options\":{\"help\":false,\"quiet\":false,\"verbose\":false,\"version\":false,\"ansi\":null,\"no-interaction\":false,\"env\":null},\"hostname\":\"juzaweb\"}, 2023-02-16 11:35:08, ?, command, 987b28ad-c004-492b-964c-251b57178ad3)) at /var/www/juzaweb/cms/vendor/laravel/framework/src/Illuminate/Database/Connection.php:742)
[stacktrace]
#0 /var/www/juzaweb/cms/vendor/laravel/framework/src/Illuminate/Database/Connection.php(702): Illuminate\\Database\\Connection->runQueryCallback()
#1 /var/www/juzaweb/cms/vendor/laravel/framework/src/Illuminate/Database/Connection.php(528): Illuminate\\Database\\Connection->run()
#2 /var/www/juzaweb/cms/vendor/laravel/framework/src/Illuminate/Database/Connection.php(480): Illuminate\\Database\\Connection->statement()
#3 /var/www/juzaweb/cms/vendor/laravel/framework/src/Illuminate/Database/Query/Builder.php(3196): Illuminate\\Database\\Connection->insert()
#4 /var/www/juzaweb/cms/vendor/laravel/telescope/src/Storage/DatabaseEntriesRepository.php(148): Illuminate\\Database\\Query\\Builder->insert()
#5 /var/www/juzaweb/cms/vendor/laravel/framework/src/Illuminate/Collections/Traits/EnumeratesValues.php(263): Laravel\\Telescope\\Storage\\DatabaseEntriesRepository->Laravel\\Telescope\\Storage\\{closure}()
#6 /var/www/juzaweb/cms/vendor/laravel/telescope/src/Storage/DatabaseEntriesRepository.php(149): Illuminate\\Support\\Collection->each()
#7 /var/www/juzaweb/cms/vendor/laravel/telescope/src/Telescope.php(663): Laravel\\Telescope\\Storage\\DatabaseEntriesRepository->store()
#8 [internal function]: Laravel\\Telescope\\Telescope::Laravel\\Telescope\\{closure}()
#9 /var/www/juzaweb/cms/vendor/laravel/telescope/src/Telescope.php(284): call_user_func()
#10 /var/www/juzaweb/cms/vendor/laravel/telescope/src/Telescope.php(674): Laravel\\Telescope\\Telescope::withoutRecording()
#11 /var/www/juzaweb/cms/vendor/laravel/telescope/src/ListensForStorageOpportunities.php(65): Laravel\\Telescope\\Telescope::store()
#12 /var/www/juzaweb/cms/vendor/laravel/framework/src/Illuminate/Container/BoundMethod.php(36): Laravel\\Telescope\\Telescope::Laravel\\Telescope\\{closure}()
#13 /var/www/juzaweb/cms/vendor/laravel/framework/src/Illuminate/Container/Util.php(41): Illuminate\\Container\\BoundMethod::Illuminate\\Container\\{closure}()
#14 /var/www/juzaweb/cms/vendor/laravel/framework/src/Illuminate/Container/BoundMethod.php(81): Illuminate\\Container\\Util::unwrapIfClosure()
#15 /var/www/juzaweb/cms/vendor/laravel/framework/src/Illuminate/Container/BoundMethod.php(37): Illuminate\\Container\\BoundMethod::callBoundMethod()
#16 /var/www/juzaweb/cms/vendor/laravel/framework/src/Illuminate/Container/Container.php(651): Illuminate\\Container\\BoundMethod::call()
#17 /var/www/juzaweb/cms/vendor/laravel/framework/src/Illuminate/Foundation/Application.php(1172): Illuminate\\Container\\Container->call()
#18 /var/www/juzaweb/cms/vendor/laravel/framework/src/Illuminate/Foundation/Console/Kernel.php(148): Illuminate\\Foundation\\Application->terminate()
#19 /var/www/juzaweb/cms/artisan(51): Illuminate\\Foundation\\Console\\Kernel->terminate()
#20 {main}

[previous exception] [object] (PDOException(code: 1045): SQLSTATE[HY000] [1045] Access denied for user 'root'@'localhost' (using password: NO) at /var/www/juzaweb/cms/vendor/laravel/framework/src/Illuminate/Database/Connectors/Connector.php:70)
[stacktrace]
#0 /var/www/juzaweb/cms/vendor/laravel/framework/src/Illuminate/Database/Connectors/Connector.php(70): PDO->__construct()
#1 /var/www/juzaweb/cms/vendor/laravel/framework/src/Illuminate/Database/Connectors/Connector.php(46): Illuminate\\Database\\Connectors\\Connector->createPdoConnection()
#2 /var/www/juzaweb/cms/vendor/laravel/framework/src/Illuminate/Database/Connectors/MySqlConnector.php(24): Illuminate\\Database\\Connectors\\Connector->createConnection()
#3 /var/www/juzaweb/cms/vendor/laravel/framework/src/Illuminate/Database/Connectors/ConnectionFactory.php(184): Illuminate\\Database\\Connectors\\MySqlConnector->connect()
#4 [internal function]: Illuminate\\Database\\Connectors\\ConnectionFactory->Illuminate\\Database\\Connectors\\{closure}()
#5 /var/www/juzaweb/cms/vendor/laravel/framework/src/Illuminate/Database/Connection.php(1084): call_user_func()
#6 /var/www/juzaweb/cms/vendor/laravel/framework/src/Illuminate/Database/Connection.php(521): Illuminate\\Database\\Connection->getPdo()
#7 /var/www/juzaweb/cms/vendor/laravel/framework/src/Illuminate/Database/Connection.php(735): Illuminate\\Database\\Connection->Illuminate\\Database\\{closure}()
#8 /var/www/juzaweb/cms/vendor/laravel/framework/src/Illuminate/Database/Connection.php(702): Illuminate\\Database\\Connection->runQueryCallback()
#9 /var/www/juzaweb/cms/vendor/laravel/framework/src/Illuminate/Database/Connection.php(528): Illuminate\\Database\\Connection->run()
#10 /var/www/juzaweb/cms/vendor/laravel/framework/src/Illuminate/Database/Connection.php(480): Illuminate\\Database\\Connection->statement()
#11 /var/www/juzaweb/cms/vendor/laravel/framework/src/Illuminate/Database/Query/Builder.php(3196): Illuminate\\Database\\Connection->insert()
#12 /var/www/juzaweb/cms/vendor/laravel/telescope/src/Storage/DatabaseEntriesRepository.php(148): Illuminate\\Database\\Query\\Builder->insert()
#13 /var/www/juzaweb/cms/vendor/laravel/framework/src/Illuminate/Collections/Traits/EnumeratesValues.php(263): Laravel\\Telescope\\Storage\\DatabaseEntriesRepository->Laravel\\Telescope\\Storage\\{closure}()
#14 /var/www/juzaweb/cms/vendor/laravel/telescope/src/Storage/DatabaseEntriesRepository.php(149): Illuminate\\Support\\Collection->each()
#15 /var/www/juzaweb/cms/vendor/laravel/telescope/src/Telescope.php(663): Laravel\\Telescope\\Storage\\DatabaseEntriesRepository->store()
#16 [internal function]: Laravel\\Telescope\\Telescope::Laravel\\Telescope\\{closure}()
#17 /var/www/juzaweb/cms/vendor/laravel/telescope/src/Telescope.php(284): call_user_func()
#18 /var/www/juzaweb/cms/vendor/laravel/telescope/src/Telescope.php(674): Laravel\\Telescope\\Telescope::withoutRecording()
#19 /var/www/juzaweb/cms/vendor/laravel/telescope/src/ListensForStorageOpportunities.php(65): Laravel\\Telescope\\Telescope::store()
#20 /var/www/juzaweb/cms/vendor/laravel/framework/src/Illuminate/Container/BoundMethod.php(36): Laravel\\Telescope\\Telescope::Laravel\\Telescope\\{closure}()
#21 /var/www/juzaweb/cms/vendor/laravel/framework/src/Illuminate/Container/Util.php(41): Illuminate\\Container\\BoundMethod::Illuminate\\Container\\{closure}()
#22 /var/www/juzaweb/cms/vendor/laravel/framework/src/Illuminate/Container/BoundMethod.php(81): Illuminate\\Container\\Util::unwrapIfClosure()
#23 /var/www/juzaweb/cms/vendor/laravel/framework/src/Illuminate/Container/BoundMethod.php(37): Illuminate\\Container\\BoundMethod::callBoundMethod()
#24 /var/www/juzaweb/cms/vendor/laravel/framework/src/Illuminate/Container/Container.php(651): Illuminate\\Container\\BoundMethod::call()
#25 /var/www/juzaweb/cms/vendor/laravel/framework/src/Illuminate/Foundation/Application.php(1172): Illuminate\\Container\\Container->call()
#26 /var/www/juzaweb/cms/vendor/laravel/framework/src/Illuminate/Foundation/Console/Kernel.php(148): Illuminate\\Foundation\\Application->terminate()
#27 /var/www/juzaweb/cms/artisan(51): Illuminate\\Foundation\\Console\\Kernel->terminate()
#28 {main}
"} {"user":"guest","ip":"127.0.0.1","url":"http://localhost"}
[2023-02-16 11:35:15] production.ERROR: SQLSTATE[HY000] [1045] Access denied for user 'root'@'localhost' (using password: NO) (SQL: insert into `telescope_entries` (`batch_id`, `content`, `created_at`, `family_hash`, `type`, `uuid`) values (987b28b7-a176-40c1-acdc-28c04a595123, {"level":"warning","message":"json_decode(): Passing null to parameter #1 ($json) of type string is deprecated in \/var\/www\/juzaweb\/cms\/modules\/Backend\/Helpers\/helpers.php on line 275","context":[],"hostname":"juzaweb"}, 2023-02-16 11:35:14, ?, log, 987b28b7-33da-4fc9-b3dd-ecd13e97294b), (987b28b7-a176-40c1-acdc-28c04a595123, {"level":"warning","message":"json_decode(): Passing null to parameter #1 ($json) of type string is deprecated in \/var\/www\/juzaweb\/cms\/modules\/Backend\/Helpers\/helpers.php on line 275","context":[],"hostname":"juzaweb"}, 2023-02-16 11:35:15, ?, log, 987b28b7-5053-44e5-ba88-c8d45e1b6470), (987b28b7-a176-40c1-acdc-28c04a595123, {"level":"warning","message":"json_decode(): Passing null to parameter #1 ($json) of type string is deprecated in \/var\/www\/juzaweb\/cms\/modules\/Backend\/Helpers\/helpers.php on line 275","context":[],"hostname":"juzaweb"}, 2023-02-16 11:35:15, ?, log, 987b28b7-508d-466a-9dfa-baba6a87fee2), (987b28b7-a176-40c1-acdc-28c04a595123, {"command":"juzacms:plugin-autoload","exit_code":0,"arguments":{"command":"juzacms:plugin-autoload"},"options":{"help":false,"quiet":false,"verbose":false,"version":false,"ansi":null,"no-interaction":false,"env":null},"hostname":"juzaweb"}, 2023-02-16 11:35:15, ?, command, 987b28b7-a069-41ce-8381-dada33a6c75d)) {"exception":"[object] (Illuminate\\Database\\QueryException(code: 1045): SQLSTATE[HY000] [1045] Access denied for user 'root'@'localhost' (using password: NO) (SQL: insert into `telescope_entries` (`batch_id`, `content`, `created_at`, `family_hash`, `type`, `uuid`) values (987b28b7-a176-40c1-acdc-28c04a595123, {\"level\":\"warning\",\"message\":\"json_decode(): Passing null to parameter #1 ($json) of type string is deprecated in \\/var\\/www\\/juzaweb\\/cms\\/modules\\/Backend\\/Helpers\\/helpers.php on line 275\",\"context\":[],\"hostname\":\"juzaweb\"}, 2023-02-16 11:35:14, ?, log, 987b28b7-33da-4fc9-b3dd-ecd13e97294b), (987b28b7-a176-40c1-acdc-28c04a595123, {\"level\":\"warning\",\"message\":\"json_decode(): Passing null to parameter #1 ($json) of type string is deprecated in \\/var\\/www\\/juzaweb\\/cms\\/modules\\/Backend\\/Helpers\\/helpers.php on line 275\",\"context\":[],\"hostname\":\"juzaweb\"}, 2023-02-16 11:35:15, ?, log, 987b28b7-5053-44e5-ba88-c8d45e1b6470), (987b28b7-a176-40c1-acdc-28c04a595123, {\"level\":\"warning\",\"message\":\"json_decode(): Passing null to parameter #1 ($json) of type string is deprecated in \\/var\\/www\\/juzaweb\\/cms\\/modules\\/Backend\\/Helpers\\/helpers.php on line 275\",\"context\":[],\"hostname\":\"juzaweb\"}, 2023-02-16 11:35:15, ?, log, 987b28b7-508d-466a-9dfa-baba6a87fee2), (987b28b7-a176-40c1-acdc-28c04a595123, {\"command\":\"juzacms:plugin-autoload\",\"exit_code\":0,\"arguments\":{\"command\":\"juzacms:plugin-autoload\"},\"options\":{\"help\":false,\"quiet\":false,\"verbose\":false,\"version\":false,\"ansi\":null,\"no-interaction\":false,\"env\":null},\"hostname\":\"juzaweb\"}, 2023-02-16 11:35:15, ?, command, 987b28b7-a069-41ce-8381-dada33a6c75d)) at /var/www/juzaweb/cms/vendor/laravel/framework/src/Illuminate/Database/Connection.php:742)
[stacktrace]
#0 /var/www/juzaweb/cms/vendor/laravel/framework/src/Illuminate/Database/Connection.php(702): Illuminate\\Database\\Connection->runQueryCallback()
#1 /var/www/juzaweb/cms/vendor/laravel/framework/src/Illuminate/Database/Connection.php(528): Illuminate\\Database\\Connection->run()
#2 /var/www/juzaweb/cms/vendor/laravel/framework/src/Illuminate/Database/Connection.php(480): Illuminate\\Database\\Connection->statement()
#3 /var/www/juzaweb/cms/vendor/laravel/framework/src/Illuminate/Database/Query/Builder.php(3196): Illuminate\\Database\\Connection->insert()
#4 /var/www/juzaweb/cms/vendor/laravel/telescope/src/Storage/DatabaseEntriesRepository.php(148): Illuminate\\Database\\Query\\Builder->insert()
#5 /var/www/juzaweb/cms/vendor/laravel/framework/src/Illuminate/Collections/Traits/EnumeratesValues.php(263): Laravel\\Telescope\\Storage\\DatabaseEntriesRepository->Laravel\\Telescope\\Storage\\{closure}()
#6 /var/www/juzaweb/cms/vendor/laravel/telescope/src/Storage/DatabaseEntriesRepository.php(149): Illuminate\\Support\\Collection->each()
#7 /var/www/juzaweb/cms/vendor/laravel/telescope/src/Telescope.php(663): Laravel\\Telescope\\Storage\\DatabaseEntriesRepository->store()
#8 [internal function]: Laravel\\Telescope\\Telescope::Laravel\\Telescope\\{closure}()
#9 /var/www/juzaweb/cms/vendor/laravel/telescope/src/Telescope.php(284): call_user_func()
#10 /var/www/juzaweb/cms/vendor/laravel/telescope/src/Telescope.php(674): Laravel\\Telescope\\Telescope::withoutRecording()
#11 /var/www/juzaweb/cms/vendor/laravel/telescope/src/ListensForStorageOpportunities.php(65): Laravel\\Telescope\\Telescope::store()
#12 /var/www/juzaweb/cms/vendor/laravel/framework/src/Illuminate/Container/BoundMethod.php(36): Laravel\\Telescope\\Telescope::Laravel\\Telescope\\{closure}()
#13 /var/www/juzaweb/cms/vendor/laravel/framework/src/Illuminate/Container/Util.php(41): Illuminate\\Container\\BoundMethod::Illuminate\\Container\\{closure}()
#14 /var/www/juzaweb/cms/vendor/laravel/framework/src/Illuminate/Container/BoundMethod.php(81): Illuminate\\Container\\Util::unwrapIfClosure()
#15 /var/www/juzaweb/cms/vendor/laravel/framework/src/Illuminate/Container/BoundMethod.php(37): Illuminate\\Container\\BoundMethod::callBoundMethod()
#16 /var/www/juzaweb/cms/vendor/laravel/framework/src/Illuminate/Container/Container.php(651): Illuminate\\Container\\BoundMethod::call()
#17 /var/www/juzaweb/cms/vendor/laravel/framework/src/Illuminate/Foundation/Application.php(1172): Illuminate\\Container\\Container->call()
#18 /var/www/juzaweb/cms/vendor/laravel/framework/src/Illuminate/Foundation/Console/Kernel.php(148): Illuminate\\Foundation\\Application->terminate()
#19 /var/www/juzaweb/cms/artisan(51): Illuminate\\Foundation\\Console\\Kernel->terminate()
#20 {main}

[previous exception] [object] (PDOException(code: 1045): SQLSTATE[HY000] [1045] Access denied for user 'root'@'localhost' (using password: NO) at /var/www/juzaweb/cms/vendor/laravel/framework/src/Illuminate/Database/Connectors/Connector.php:70)
[stacktrace]
#0 /var/www/juzaweb/cms/vendor/laravel/framework/src/Illuminate/Database/Connectors/Connector.php(70): PDO->__construct()
#1 /var/www/juzaweb/cms/vendor/laravel/framework/src/Illuminate/Database/Connectors/Connector.php(46): Illuminate\\Database\\Connectors\\Connector->createPdoConnection()
#2 /var/www/juzaweb/cms/vendor/laravel/framework/src/Illuminate/Database/Connectors/MySqlConnector.php(24): Illuminate\\Database\\Connectors\\Connector->createConnection()
#3 /var/www/juzaweb/cms/vendor/laravel/framework/src/Illuminate/Database/Connectors/ConnectionFactory.php(184): Illuminate\\Database\\Connectors\\MySqlConnector->connect()
#4 [internal function]: Illuminate\\Database\\Connectors\\ConnectionFactory->Illuminate\\Database\\Connectors\\{closure}()
#5 /var/www/juzaweb/cms/vendor/laravel/framework/src/Illuminate/Database/Connection.php(1084): call_user_func()
#6 /var/www/juzaweb/cms/vendor/laravel/framework/src/Illuminate/Database/Connection.php(521): Illuminate\\Database\\Connection->getPdo()
#7 /var/www/juzaweb/cms/vendor/laravel/framework/src/Illuminate/Database/Connection.php(735): Illuminate\\Database\\Connection->Illuminate\\Database\\{closure}()
#8 /var/www/juzaweb/cms/vendor/laravel/framework/src/Illuminate/Database/Connection.php(702): Illuminate\\Database\\Connection->runQueryCallback()
#9 /var/www/juzaweb/cms/vendor/laravel/framework/src/Illuminate/Database/Connection.php(528): Illuminate\\Database\\Connection->run()
#10 /var/www/juzaweb/cms/vendor/laravel/framework/src/Illuminate/Database/Connection.php(480): Illuminate\\Database\\Connection->statement()
#11 /var/www/juzaweb/cms/vendor/laravel/framework/src/Illuminate/Database/Query/Builder.php(3196): Illuminate\\Database\\Connection->insert()
#12 /var/www/juzaweb/cms/vendor/laravel/telescope/src/Storage/DatabaseEntriesRepository.php(148): Illuminate\\Database\\Query\\Builder->insert()
#13 /var/www/juzaweb/cms/vendor/laravel/framework/src/Illuminate/Collections/Traits/EnumeratesValues.php(263): Laravel\\Telescope\\Storage\\DatabaseEntriesRepository->Laravel\\Telescope\\Storage\\{closure}()
#14 /var/www/juzaweb/cms/vendor/laravel/telescope/src/Storage/DatabaseEntriesRepository.php(149): Illuminate\\Support\\Collection->each()
#15 /var/www/juzaweb/cms/vendor/laravel/telescope/src/Telescope.php(663): Laravel\\Telescope\\Storage\\DatabaseEntriesRepository->store()
#16 [internal function]: Laravel\\Telescope\\Telescope::Laravel\\Telescope\\{closure}()
#17 /var/www/juzaweb/cms/vendor/laravel/telescope/src/Telescope.php(284): call_user_func()
#18 /var/www/juzaweb/cms/vendor/laravel/telescope/src/Telescope.php(674): Laravel\\Telescope\\Telescope::withoutRecording()
#19 /var/www/juzaweb/cms/vendor/laravel/telescope/src/ListensForStorageOpportunities.php(65): Laravel\\Telescope\\Telescope::store()
#20 /var/www/juzaweb/cms/vendor/laravel/framework/src/Illuminate/Container/BoundMethod.php(36): Laravel\\Telescope\\Telescope::Laravel\\Telescope\\{closure}()
#21 /var/www/juzaweb/cms/vendor/laravel/framework/src/Illuminate/Container/Util.php(41): Illuminate\\Container\\BoundMethod::Illuminate\\Container\\{closure}()
#22 /var/www/juzaweb/cms/vendor/laravel/framework/src/Illuminate/Container/BoundMethod.php(81): Illuminate\\Container\\Util::unwrapIfClosure()
#23 /var/www/juzaweb/cms/vendor/laravel/framework/src/Illuminate/Container/BoundMethod.php(37): Illuminate\\Container\\BoundMethod::callBoundMethod()
#24 /var/www/juzaweb/cms/vendor/laravel/framework/src/Illuminate/Container/Container.php(651): Illuminate\\Container\\BoundMethod::call()
#25 /var/www/juzaweb/cms/vendor/laravel/framework/src/Illuminate/Foundation/Application.php(1172): Illuminate\\Container\\Container->call()
#26 /var/www/juzaweb/cms/vendor/laravel/framework/src/Illuminate/Foundation/Console/Kernel.php(148): Illuminate\\Foundation\\Application->terminate()
#27 /var/www/juzaweb/cms/artisan(51): Illuminate\\Foundation\\Console\\Kernel->terminate()
#28 {main}
"} {"user":"guest","ip":"127.0.0.1","url":"http://localhost"}
